Build started 23-Mar-19 15:39:39.
     1>Project "D:\URJC\PGATR\pgatr\P4GLSL\P4GLSL.vcxproj" on node 2 (Build target(s)).
     1>Building with tools version "15.0".
       Target "EnableIntermediateOutputPathMismatchWarning" skipped, due to false condition; ('$(RestoreProjectStyle)' == 'PackageReference') was evaluated as ('' == 'PackageReference').
     1>Target "_CheckForInvalidConfigurationAndPlatform" in file "D:\Programas\Visual Studio 2017\MSBuild\15.0\Bin\Microsoft.Common.CurrentVersion.targets" from project "D:\URJC\PGATR\pgatr\P4GLSL\P4GLSL.vcxproj" (target "SetTelemetryEnvironmentVariables" depends on it):
       Task "Error" skipped, due to false condition; ( '$(_InvalidConfigurationError)' == 'true' ) was evaluated as ( '' == 'true' ).
       Task "Warning" skipped, due to false condition; ( '$(_InvalidConfigurationWarning)' == 'true' ) was evaluated as ( '' == 'true' ).
       Using "Message" task from assembly "Microsoft.Build.Tasks.Core, Version=15.1.0.0, Culture=neutral, PublicKeyToken=b03f5f7f11d50a3a".
       Task "Message"
         Configuration=Debug
       Done executing task "Message".
       Task "Message"
         Platform=Win32
       Done executing task "Message".
       Task "Error" skipped, due to false condition; ('$(OutDir)' != '' and !HasTrailingSlash('$(OutDir)')) was evaluated as ('D:\URJC\PGATR\pgatr\P4GLSL\Debug\' != '' and !HasTrailingSlash('D:\URJC\PGATR\pgatr\P4GLSL\Debug\')).
       Task "Error" skipped, due to false condition; ('$(BaseIntermediateOutputPath)' != '' and !HasTrailingSlash('$(BaseIntermediateOutputPath)')) was evaluated as ('obj\' != '' and !HasTrailingSlash('obj\')).
       Task "Error" skipped, due to false condition; ('$(IntermediateOutputPath)' != '' and !HasTrailingSlash('$(IntermediateOutputPath)')) was evaluated as ('Debug\' != '' and !HasTrailingSlash('Debug\')).
       Task "Error" skipped, due to false condition; ( '$(_InitialMSBuildProjectExtensionsPath)' != '' And '$(MSBuildProjectExtensionsPath)' != '$(_InitialMSBuildProjectExtensionsPath)' ) was evaluated as ( 'D:\URJC\PGATR\pgatr\P4GLSL\obj\' != '' And 'D:\URJC\PGATR\pgatr\P4GLSL\obj\' != 'D:\URJC\PGATR\pgatr\P4GLSL\obj\' ).
       Task "Warning" skipped, due to false condition; ( '$(EnableBaseIntermediateOutputPathMismatchWarning)' == 'true' And '$(_InitialBaseIntermediateOutputPath)' != '$(BaseIntermediateOutputPath)' And '$(BaseIntermediateOutputPath)' != '$(MSBuildProjectExtensionsPath)' ) was evaluated as ( '' == 'true' And 'obj\' != 'obj\' And 'obj\' != 'D:\URJC\PGATR\pgatr\P4GLSL\obj\' ).
     1>Done building target "_CheckForInvalidConfigurationAndPlatform" in project "P4GLSL.vcxproj".
       Target "_CheckForInvalidConfigurationAndPlatform" skipped. Previously built successfully.
     1>Target "SetTelemetryEnvironmentVariables" in file "D:\Programas\Visual Studio 2017\Common7\IDE\VC\VCTargets\Microsoft.Cpp.DesignTime.targets" from project "D:\URJC\PGATR\pgatr\P4GLSL\P4GLSL.vcxproj" (target "Build" depends on it):
       Using "SetEnv" task from assembly "D:\Programas\Visual Studio 2017\Common7\IDE\VC\VCTargets\Microsoft.Build.CppTasks.Common.dll".
       Task "SetEnv"
         VSTEL_SolutionSessionID={2F343B0D-97FD-42D4-BA94-CFCD6E9BA7E7}
       Done executing task "SetEnv".
       Task "SetEnv"
         VSTEL_CurrentSolutionBuildID=15337734
       Done executing task "SetEnv".
       Task "SetEnv"
         VSTEL_ProjectID={16C1C4DC-39FF-4E91-8161-E2072C207BCF}
       Done executing task "SetEnv".
     1>Done building target "SetTelemetryEnvironmentVariables" in project "P4GLSL.vcxproj".
     1>Target "_PrepareForBuild" in file "D:\Programas\Visual Studio 2017\Common7\IDE\VC\VCTargets\Microsoft.BuildSteps.Targets" from project "D:\URJC\PGATR\pgatr\P4GLSL\P4GLSL.vcxproj" (target "Build" depends on it):
       Task "CreateItem" skipped, due to false condition; ('%(CustomBuild.IncludeFileToTool)'!='') was evaluated as (''!='').
     1>Done building target "_PrepareForBuild" in project "P4GLSL.vcxproj".
     1>Target "_PrepareForReferenceResolution" in file "D:\Programas\Visual Studio 2017\Common7\IDE\VC\VCTargets\Microsoft.CppBuild.targets" from project "D:\URJC\PGATR\pgatr\P4GLSL\P4GLSL.vcxproj" (target "ResolveReferences" depends on it):
       Task "Message" skipped, due to false condition; ('$(_REFERENCE_DEBUG)'=='true') was evaluated as (''=='true').
     1>Done building target "_PrepareForReferenceResolution" in project "P4GLSL.vcxproj".
       Target "ComputeCrtSDKReference" skipped, due to false condition; ('@(ClCompile)'!='' and '$(WindowsAppContainer)'=='true' and '$(UseCrtSDKReference)' != 'false') was evaluated as ('scr\auxiliar.cpp;scr\main.cpp'!='' and 'false'=='true' and '' != 'false').
     1>Target "BeforeResolveReferences" in file "D:\Programas\Visual Studio 2017\MSBuild\15.0\Bin\Microsoft.Common.CurrentVersion.targets" from project "D:\URJC\PGATR\pgatr\P4GLSL\P4GLSL.vcxproj" (target "ResolveReferences" depends on it):
     1>Done building target "BeforeResolveReferences" in project "P4GLSL.vcxproj".
     1>Target "AssignProjectConfiguration" in file "D:\Programas\Visual Studio 2017\MSBuild\15.0\Bin\Microsoft.Common.CurrentVersion.targets" from project "D:\URJC\PGATR\pgatr\P4GLSL\P4GLSL.vcxproj" (target "ResolveReferences" depends on it):
       Using "AssignProjectConfiguration" task from assembly "Microsoft.Build.Tasks.Core, Version=15.1.0.0, Culture=neutral, PublicKeyToken=b03f5f7f11d50a3a".
       Task "AssignProjectConfiguration"
       Done executing task "AssignProjectConfiguration".
     1>Done building target "AssignProjectConfiguration" in project "P4GLSL.vcxproj".
       Target "AssignProjectConfiguration" skipped. Previously built successfully.
     1>Target "_SplitProjectReferencesByFileExistence" in file "D:\Programas\Visual Studio 2017\MSBuild\15.0\Bin\Microsoft.Common.CurrentVersion.targets" from project "D:\URJC\PGATR\pgatr\P4GLSL\P4GLSL.vcxproj" (target "PrepareProjectReferences" depends on it):
       Task "ResolveNonMSBuildProjectOutput" skipped, due to false condition; ('$(BuildingInsideVisualStudio)'=='true' and '@(ProjectReferenceWithConfiguration)'!='') was evaluated as ('true'=='true' and ''!='').
     1>Done building target "_SplitProjectReferencesByFileExistence" in project "P4GLSL.vcxproj".
     1>Target "_GetProjectReferenceTargetFrameworkProperties" in file "D:\Programas\Visual Studio 2017\MSBuild\15.0\Bin\Microsoft.Common.CurrentVersion.targets" from project "D:\URJC\PGATR\pgatr\P4GLSL\P4GLSL.vcxproj" (target "PrepareProjectReferences" depends on it):
       Using "MSBuild" task from assembly "Microsoft.Build.Tasks.Core, Version=15.1.0.0, Culture=neutral, PublicKeyToken=b03f5f7f11d50a3a".
       Task "MSBuild"
       Done executing task "MSBuild".
       Task "GetReferenceNearestTargetFrameworkTask" skipped, due to false condition; ('@(_ProjectReferenceTargetFrameworkPossibilities->Count())' != '0' and '$(ReferringTargetFrameworkForProjectReferences)' != '') was evaluated as ('0' != '0' and '.NETFramework,Version=v4.0' != '').
     1>Done building target "_GetProjectReferenceTargetFrameworkProperties" in project "P4GLSL.vcxproj".
     1>Target "PrepareProjectReferences" in file "D:\Programas\Visual Studio 2017\MSBuild\15.0\Bin\Microsoft.Common.CurrentVersion.targets" from project "D:\URJC\PGATR\pgatr\P4GLSL\P4GLSL.vcxproj" (target "ResolveProjectReferences" depends on it):
     1>Done building target "PrepareProjectReferences" in project "P4GLSL.vcxproj".
       Target "_RemoveNameMetadataFromProjectReferenceItems" skipped, due to false condition; ('@(ProjectReference)'!='') was evaluated as (''!='').
     1>Target "ResolveProjectReferences" in file "D:\Programas\Visual Studio 2017\MSBuild\15.0\Bin\Microsoft.Common.CurrentVersion.targets" from project "D:\URJC\PGATR\pgatr\P4GLSL\P4GLSL.vcxproj" (target "ResolveReferences" depends on it):
       Task "MSBuild" skipped, due to false condition; ('%(_MSBuildProjectReferenceExistent.BuildReference)' == 'true' and '@(ProjectReferenceWithConfiguration)' != '' and ('$(BuildingInsideVisualStudio)' == 'true' or '$(BuildProjectReferences)' != 'true') and '$(VisualStudioVersion)' != '10.0' and '@(_MSBuildProjectReferenceExistent)' != '') was evaluated as ('' == 'true' and '' != '' and ('true' == 'true' or 'true' != 'true') and '15.0' != '10.0' and '' != '').
       Task "MSBuild" skipped, due to false condition; ('%(_MSBuildProjectReferenceExistent.BuildReference)' == 'true' and '@(ProjectReferenceWithConfiguration)' != '' and ('$(BuildingInsideVisualStudio)' == 'true' or '$(BuildProjectReferences)' != 'true') and '$(VisualStudioVersion)' == '10.0' and '@(_MSBuildProjectReferenceExistent)' != '') was evaluated as ('' == 'true' and '' != '' and ('true' == 'true' or 'true' != 'true') and '15.0' == '10.0' and '' != '').
       Task "MSBuild" skipped, due to false condition; ('%(_MSBuildProjectReferenceExistent.BuildReference)' == 'true' and '@(ProjectReferenceWithConfiguration)' != '' and '$(BuildingInsideVisualStudio)' != 'true' and '$(BuildProjectReferences)' == 'true' and '@(_MSBuildProjectReferenceExistent)' != '') was evaluated as ('' == 'true' and '' != '' and 'true' != 'true' and 'true' == 'true' and '' != '').
       Task "MSBuild" skipped, due to false condition; ('%(_MSBuildProjectReferenceExistent.BuildReference)' == 'true' and '@(ProjectReferenceWithConfiguration)' != '' and '$(BuildingProject)' == 'true' and '@(_MSBuildProjectReferenceExistent)' != '') was evaluated as ('' == 'true' and '' != '' and 'true' == 'true' and '' != '').
       Task "Warning" skipped, due to false condition; ('@(ProjectReferenceWithConfiguration)' != '' and '@(_MSBuildProjectReferenceNonexistent)' != '') was evaluated as ('' != '' and '' != '').
     1>Done building target "ResolveProjectReferences" in project "P4GLSL.vcxproj".
       Target "FindInvalidProjectReferences" skipped, due to false condition; ('$(FindInvalidProjectReferences)' == 'true') was evaluated as ('' == 'true').
       Target "ResolveNativeReferences" skipped, due to false condition; ('@(NativeReference)'!='') was evaluated as (''!='').
       Target "_PrepareForReferenceResolution" skipped. Previously built successfully.
       Target "ResolveProjectReferences" skipped. Previously built successfully.
       Target "FindInvalidProjectReferences" skipped, due to false condition; ('$(FindInvalidProjectReferences)' == 'true') was evaluated as ('' == 'true').
     1>Target "GetFrameworkPaths" in file "D:\Programas\Visual Studio 2017\MSBuild\15.0\Bin\Microsoft.NETFramework.CurrentVersion.targets" from project "D:\URJC\PGATR\pgatr\P4GLSL\P4GLSL.vcxproj" (target "ResolveAssemblyReferences" depends on it):
     1>Done building target "GetFrameworkPaths" in project "P4GLSL.vcxproj".
       Target "_PrepareForReferenceResolution" skipped. Previously built successfully.
       Target "GetWinFXPath" skipped, due to false condition; (('@(Page)' != '' or '@(ApplicationDefinition)' != '' or '@(Resource)' != '') and ('$(GetWinFXNativePath)' != '' or '$(GetWinFXWoWPath)' != '' )) was evaluated as (('' != '' or '' != '' or '' != '') and ('' != '' or '' != '' )).
       Target "GetFrameworkPaths" skipped. Previously built successfully.
     1>Target "GetReferenceAssemblyPaths" in file "D:\Programas\Visual Studio 2017\MSBuild\15.0\Bin\Microsoft.Common.CurrentVersion.targets" from project "D:\URJC\PGATR\pgatr\P4GLSL\P4GLSL.vcxproj" (target "ResolveAssemblyReferences" depends on it):
       Task "GetReferenceAssemblyPaths" skipped, due to false condition; ('$(TargetFrameworkMoniker)' != '' and ('$(_TargetFrameworkDirectories)' == '' or '$(_FullFrameworkReferenceAssemblyPaths)' == '')) was evaluated as ('' != '' and ('C:\Program Files (x86)\Reference Assemblies\Microsoft\Framework\.NETFramework\v4.0' == '' or 'C:\Program Files (x86)\Reference Assemblies\Microsoft\Framework\.NETFramework\v4.0' == '')).
     1>Done building target "GetReferenceAssemblyPaths" in project "P4GLSL.vcxproj".
     1>Target "SetBuildDefaultEnvironmentVariables" in file "D:\Programas\Visual Studio 2017\Common7\IDE\VC\VCTargets\Microsoft.Cpp.Current.targets" from project "D:\URJC\PGATR\pgatr\P4GLSL\P4GLSL.vcxproj" (target "PrepareForBuild" depends on it):
       Task "SetEnv"
         PATH=D:\Programas\Visual Studio 2017\VC\Tools\MSVC\14.16.27023\bin\HostX86\x86;C:\Program Files (x86)\Windows Kits\10\bin\10.0.17763.0\x86;;C:\Program Files (x86)\Microsoft SDKs\Windows\v10.0A\bin\NETFX 4.6.1 Tools;D:\Programas\Visual Studio 2017\Common7\tools;D:\Programas\Visual Studio 2017\Common7\ide;C:\Program Files (x86)\HTML Help Workshop;;D:\Programas\Visual Studio 2017\MSBuild\15.0\Bin;C:\WINDOWS\Microsoft.NET\Framework\v4.0.30319\;C:\WINDOWS\SysWow64;;D:\Programas\CUDA\v10\bin;D:\Programas\CUDA\v10\libnvvp;D:\Programas\Perl64\site\bin;D:\Programas\Perl64\bin;C:\ProgramData\Oracle\Java\javapath;C:\Windows\system32;C:\Windows;C:\Windows\System32\Wbem;C:\Windows\System32\WindowsPowerShell\v1.0\;C:\Program Files (x86)\NVIDIA Corporation\PhysX\Common;D:\Programas\emacs\bin;D:\Programas\MikTeX 2.9\texmfs\install\miktex\bin;C:\WINDOWS\system32;C:\WINDOWS;C:\WINDOWS\System32\Wbem;C:\WINDOWS\System32\WindowsPowerShell\v1.0\;D:\Programas\PuTTY;D:\Programas\radare2-w32-1.2.0;D:\Programas\cmder;D:\Programas\SysInternals;C:\Program Files\dotnet\;D:\Programas\node-v8.4.0;D:\Programas\Tcl\bin;C:\Users\GoLoT\AppData\Local\Microsoft\WindowsApps;C:\Program Files (x86)\Google\Chrome\Application;D:\Dev\Git\CataclysmDDA\WinDepend\bin\x64;C:\Program Files\Microsoft VS Code\bin;C:\Program Files\Microsoft SQL Server\130\Tools\Binn\;C:\Program Files (x86)\Windows Kits\10\Windows Performance Toolkit\;C:\WINDOWS\system32;C:\WINDOWS;C:\WINDOWS\System32\Wbem;C:\WINDOWS\System32\WindowsPowerShell\v1.0\;C:\WINDOWS\System32\OpenSSH\;D:\Programas\Matlab\bin;C:\Program Files\Git\cmd;C:\Program Files\Common Files\Autodesk Shared\;C:\Program Files\NVIDIA Corporation\NVIDIA NvDLISR;C:\Users\GoLoT\.cargo\bin;D:\Programas\CMake\bin;D:\Programas\mingw-x64\x86_64-7.3.0-posix-seh-rt_v5-rev0\mingw64\bin;; ;;D:\Programas\Tcl\bin;C:\Users\GoLoT\AppData\Local\Microsoft\WindowsApps;C:\Program Files (x86)\Google\Chrome\Application;C:\ProgramData\Oracle\Java\javapath;C:\Windows\system32;C:\Windows;C:\Windows\System32\Wbem;C:\Windows\System32\WindowsPowerShell\v1.0\;C:\Program Files (x86)\NVIDIA Corporation\PhysX\Common;D:\Programas\emacs\bin;D:\Programas\MikTeX 2.9\texmfs\install\miktex\bin;C:\WINDOWS\system32;C:\WINDOWS;C:\WINDOWS\System32\Wbem;C:\WINDOWS\System32\WindowsPowerShell\v1.0\;D:\Programas\PuTTY;D:\Programas\radare2-w32-1.2.0;D:\Programas\cmder;C:\Program Files (x86)\Skype\Phone\;D:\Programas\SysInternals;C:\Program Files (x86)\Windows Kits\10\Windows Performance Toolkit\;C:\Program Files\dotnet\;D:\Programas\node-v8.4.0;C:\Program Files\Microsoft VS Code\bin;C:\WINDOWS\system32\config\systemprofile\AppData\Local\Microsoft\WindowsApps;D:\Programas\devtools;D:\Programas\Python27;D:\Programas\Matlab\bin;D:\Programas\Matlab\bin\win64;D:\Programas\Python27\Scripts\;C:\Program Files (x86)\Quest Software\vWorkspace Client\;D:\Programas\AStyle\bin;D:\Programas\vcpkg;;
       Done executing task "SetEnv".
       Task "SetEnv"
         LIB=D:\Programas\Visual Studio 2017\VC\Tools\MSVC\14.16.27023\lib\x86;;D:\Programas\Visual Studio 2017\VC\Tools\MSVC\14.16.27023\atlmfc\lib\x86;;D:\Programas\Visual Studio 2017\VC\Auxiliary\VS\lib\x86;;C:\Program Files (x86)\Windows Kits\10\lib\10.0.17763.0\ucrt\x86;;;D:\Programas\Visual Studio 2017\VC\Auxiliary\VS\UnitTest\lib;C:\Program Files (x86)\Windows Kits\10\lib\10.0.17763.0\um\x86;C:\Program Files (x86)\Windows Kits\NETFXSDK\4.6.1\lib\um\x86;;C:\Program Files (x86)\Windows Kits\NETFXSDK\4.6.1\Lib\um\x86
       Done executing task "SetEnv".
       Task "SetEnv"
         LIBPATH=D:\Programas\Visual Studio 2017\VC\Tools\MSVC\14.16.27023\atlmfc\lib\x86;;D:\Programas\Visual Studio 2017\VC\Tools\MSVC\14.16.27023\lib\x86;
       Done executing task "SetEnv".
       Task "SetEnv"
         INCLUDE=D:\Programas\Visual Studio 2017\VC\Tools\MSVC\14.16.27023\include;;D:\Programas\Visual Studio 2017\VC\Tools\MSVC\14.16.27023\atlmfc\include;;D:\Programas\Visual Studio 2017\VC\Auxiliary\VS\include;;C:\Program Files (x86)\Windows Kits\10\Include\10.0.17763.0\ucrt;;;D:\Programas\Visual Studio 2017\VC\Auxiliary\VS\UnitTest\include;C:\Program Files (x86)\Windows Kits\10\Include\10.0.17763.0\um;C:\Program Files (x86)\Windows Kits\10\Include\10.0.17763.0\shared;C:\Program Files (x86)\Windows Kits\10\Include\10.0.17763.0\winrt;C:\Program Files (x86)\Windows Kits\10\Include\10.0.17763.0\cppwinrt;C:\Program Files (x86)\Windows Kits\NETFXSDK\4.6.1\Include\um;C:\Program Files (x86)\Windows Kits\NETFXSDK\4.6.1\Include\um;
       Done executing task "SetEnv".
     1>Done building target "SetBuildDefaultEnvironmentVariables" in project "P4GLSL.vcxproj".
       Target "SetUserMacroEnvironmentVariables" skipped, due to false condition; ('@(BuildMacro)' != '' and '$(DesignTimeBuild)' != 'true') was evaluated as ('' != '' and '' != 'true').
       Target "_PrepareForReferenceResolution" skipped. Previously built successfully.
     1>Target "GetResolvedWinMD" in file "D:\Programas\Visual Studio 2017\Common7\IDE\VC\VCTargets\Microsoft.CppBuild.targets" from project "D:\URJC\PGATR\pgatr\P4GLSL\P4GLSL.vcxproj" (target "PrepareForBuild" depends on it):
     1>Done building target "GetResolvedWinMD" in project "P4GLSL.vcxproj".
     1>Target "PlatformPrepareForBuild" in file "D:\Programas\Visual Studio 2017\Common7\IDE\VC\VCTargets\Microsoft.Cpp.Platform.targets" from project "D:\URJC\PGATR\pgatr\P4GLSL\P4GLSL.vcxproj" (target "PrepareForBuild" depends on it):
       Task "VCMessage" skipped, due to false condition; ('$(_Error64bitToolsNotInstalled)' == 'true') was evaluated as ('' == 'true').
       Task "VCMessage" skipped, due to false condition; ('$(DesignTimeBuild)'!='true' and '$(_ToolsetFound)' != 'true' and '$(PlatformToolset)' == '') was evaluated as (''!='true' and 'true' != 'true' and 'v141' == '').
       Task "VCMessage" skipped, due to false condition; ('$(DesignTimeBuild)'!='true' and '$(_ToolsetFound)' != 'true' and '$(PlatformToolset)' == 'v110') was evaluated as (''!='true' and 'true' != 'true' and 'v141' == 'v110').
       Task "VCMessage" skipped, due to false condition; ('$(DesignTimeBuild)'!='true' and '$(_ToolsetFound)' != 'true' and '$(PlatformToolset)' == 'v100') was evaluated as (''!='true' and 'true' != 'true' and 'v141' == 'v100').
       Task "VCMessage" skipped, due to false condition; ('$(DesignTimeBuild)'!='true' and '$(_ToolsetFound)' != 'true' and '$(PlatformToolset)' == 'v90') was evaluated as (''!='true' and 'true' != 'true' and 'v141' == 'v90').
       Task "VCMessage" skipped, due to false condition; ('$(DesignTimeBuild)'!='true' and '$(_ToolsetFound)' != 'true' and '$(PlatformToolset)' != 'v90' and '$(PlatformToolset)' != 'v100' and '$(PlatformToolset)' != 'v110') was evaluated as (''!='true' and 'true' != 'true' and 'v141' != 'v90' and 'v141' != 'v100' and 'v141' != 'v110').
     1>Done building target "PlatformPrepareForBuild" in project "P4GLSL.vcxproj".
     1>Target "_CheckWindowsSDKInstalled" in file "D:\Programas\Visual Studio 2017\Common7\IDE\VC\VCTargets\Microsoft.Cpp.WindowsSDK.targets" from project "D:\URJC\PGATR\pgatr\P4GLSL\P4GLSL.vcxproj" (target "PrepareForBuild" depends on it):
       Task "VCMessage" skipped, due to false condition; ('$(WindowsSDKInstalled)' != 'true') was evaluated as ('true' != 'true').
       Task "VCMessage" skipped, due to false condition; ('$(WindowsAppContainer)' != 'true' and '$(WindowsSDK_Desktop_Support)' != true) was evaluated as ('false' != 'true' and 'true' != true).
     1>Done building target "_CheckWindowsSDKInstalled" in project "P4GLSL.vcxproj".
       Target "GetFrameworkPaths" skipped. Previously built successfully.
       Target "GetReferenceAssemblyPaths" skipped. Previously built successfully.
       Target "AssignLinkMetadata" skipped, due to false condition; ( '$(SynthesizeLinkMetadata)' == 'true' ) was evaluated as ( '' == 'true' ).
     1>Target "SetCABuildNativeEnvironmentVariables" in file "D:\Programas\Visual Studio 2017\MSBuild\Microsoft\VisualStudio\v15.0\CodeAnalysis\Microsoft.CodeAnalysis.targets" from project "D:\URJC\PGATR\pgatr\P4GLSL\P4GLSL.vcxproj" (target "PrepareForBuild" depends on it):
       Task "SetEnv"
         CAExcludePath=D:\Programas\Visual Studio 2017\VC\Tools\MSVC\14.16.27023\atlmfc\include;D:\Programas\Visual Studio 2017\VC\Tools\MSVC\14.16.27023\include;C:\Program Files (x86)\Windows Kits\10\Include\10.0.17763.0\ucrt;;C:\Program Files (x86)\Windows Kits\10\Include\10.0.17763.0\um;C:\Program Files (x86)\Windows Kits\10\Include\10.0.17763.0\shared;C:\Program Files (x86)\Windows Kits\10\Include\10.0.17763.0\winrt;C:\Program Files (x86)\Windows Kits\10\Include\10.0.17763.0\cppwinrt;C:\Program Files (x86)\Windows Kits\NETFXSDK\4.6.1\Include\um;C:\Program Files (x86)\Windows Kits\NETFXSDK\4.6.1\Include\um;
       Done executing task "SetEnv".
     1>Done building target "SetCABuildNativeEnvironmentVariables" in project "P4GLSL.vcxproj".
     1>Target "PrepareForBuild" in file "D:\Programas\Visual Studio 2017\Common7\IDE\VC\VCTargets\Microsoft.CppBuild.targets" from project "D:\URJC\PGATR\pgatr\P4GLSL\P4GLSL.vcxproj" (target "ResolveAssemblyReferences" depends on it):
       Task "VCMessage" skipped, due to false condition; ('$(DesignTimeBuild)' != 'true' and '$(ConfigurationPlatformExists)' != 'true') was evaluated as ('' != 'true' and 'true' != 'true').
       Using "MakeDir" task from assembly "Microsoft.Build.Tasks.Core, Version=15.1.0.0, Culture=neutral, PublicKeyToken=b03f5f7f11d50a3a".
       Task "MakeDir"
       Done executing task "MakeDir".
       Task "VCMessage" skipped, due to false condition; ('$(DesignTimeBuild)'!='true' and '$(WindowsAppContainer)'=='true' and '$(ConfigurationType)'!='Application' and '$(ConfigurationType)'!='DynamicLibrary' and '$(ConfigurationType)'!='StaticLibrary') was evaluated as (''!='true' and 'false'=='true' and 'Application'!='Application' and 'Application'!='DynamicLibrary' and 'Application'!='StaticLibrary').
       Task "VCMessage" skipped, due to false condition; ('$(DesignTimeBuild)'!='true' and '$(VCToolsInstallDir)'=='' and '$(UseEnv)' != 'true' and ('$(TargetFrameworkVersion)'=='v3.5' or '$(TargetFrameworkVersion)'=='v3.0' or '$(TargetFrameworkVersion)'=='v2.0' )) was evaluated as (''!='true' and 'D:\Programas\Visual Studio 2017\VC\Tools\MSVC\14.16.27023\'=='' and '' != 'true' and ('v4.0'=='v3.5' or 'v4.0'=='v3.0' or 'v4.0'=='v2.0' )).
       Task "VCMessage" skipped, due to false condition; ('$(DesignTimeBuild)'!='true' and '$(VCToolsInstallDir)'=='' and '$(UseEnv)' != 'true' and '$(PlatformToolset)'=='v90') was evaluated as (''!='true' and 'D:\Programas\Visual Studio 2017\VC\Tools\MSVC\14.16.27023\'=='' and '' != 'true' and 'v141'=='v90').
       Task "VCMessage" skipped, due to false condition; ('$(DesignTimeBuild)'!='true' and '$(VCToolsInstallDir)'=='' and '$(UseEnv)' != 'true') was evaluated as (''!='true' and 'D:\Programas\Visual Studio 2017\VC\Tools\MSVC\14.16.27023\'=='' and '' != 'true').
       Task "VCMessage" skipped, due to false condition; ('$(DesignTimeBuild)'!='true' and '$(WindowsSDKDir)'=='' and '$(UseEnv)' != 'true') was evaluated as (''!='true' and 'C:\Program Files (x86)\Windows Kits\10\'=='' and '' != 'true').
       Task "VCMessage" skipped, due to false condition; ('$(DesignTimeBuild)'!='true' and '$(IntDirTrailingSlashWarning)'=='true') was evaluated as (''!='true' and ''=='true').
       Task "VCMessage" skipped, due to false condition; ('$(DesignTimeBuild)'!='true' and '$(OutDirTrailingSlashWarning)'=='true') was evaluated as (''!='true' and ''=='true').
       Task "VCMessage" skipped, due to false condition; ('%(CompatibilityIssues.Identity)' != '' and '$(DesignTimeBuild)'!='true') was evaluated as ('' != '' and ''!='true').
       Task "VCMessage" skipped, due to false condition; ('$(IgnoreWarnIntDirSharingDetected)' != 'true' and '$(IntDirSharingDetected)' == 'true') was evaluated as ('' != 'true' and '' == 'true').
       Task "VCMessage" skipped, due to false condition; ('$(DesignTimeBuild)'!='true' and '$(IgnoreWarnIntDirInTempDetected)' != 'true' and ('$(_IntDirFullpath.StartsWith($(Tmp), true, null))' == 'true' or '$(_IntDirFullpath.StartsWith($(Temp), true, null))' == 'true' or '$(_OutDirFullpath.StartsWith($(Tmp), true, null))' == 'true' or '$(_OutDirFullpath.StartsWith($(Temp), true, null))' == 'true')) was evaluated as (''!='true' and '' != 'true' and ('False' == 'true' or 'False' == 'true' or 'False' == 'true' or 'False' == 'true')).
       Task "VCMessage" skipped, due to false condition; ('$(DesignTimeBuild)' != 'true' and '$(SpectreMitigation)' != '' and '$(SpectreMitigation)' != 'false' and (('$(_VC_Target_Library_Platform)' == 'OneCore' and !Exists('$(VC_LibraryPath_VC_x86_OneCore)')) or ('$(_VC_Target_Library_Platform)' == 'Desktop' and !Exists('$(VC_LibraryPath_VC_x86_Desktop)')))) was evaluated as ('' != 'true' and 'false' != '' and 'false' != 'false' and (('Desktop' == 'OneCore' and !Exists('D:\Programas\Visual Studio 2017\VC\Tools\MSVC\14.16.27023\lib\onecore\x86')) or ('Desktop' == 'Desktop' and !Exists('D:\Programas\Visual Studio 2017\VC\Tools\MSVC\14.16.27023\lib\x86')))).
       Task "MakeDir"
       Done executing task "MakeDir".
     1>Done building target "PrepareForBuild" in project "P4GLSL.vcxproj".
       Target "_PrepareForReferenceResolution" skipped. Previously built successfully.
       Target "ComputeCrtSDKReference" skipped, due to false condition; ('@(ClCompile)'!='' and '$(WindowsAppContainer)'=='true' and '$(UseCrtSDKReference)' != 'false') was evaluated as ('scr\auxiliar.cpp;scr\main.cpp'!='' and 'false'=='true' and '' != 'false').
       Target "GetInstalledSDKLocations" skipped, due to false condition; ('@(SDKReference)' != '') was evaluated as ('' != '').
     1>Target "ResolveSDKReferences" in file "D:\Programas\Visual Studio 2017\MSBuild\15.0\Bin\Microsoft.Common.CurrentVersion.targets" from project "D:\URJC\PGATR\pgatr\P4GLSL\P4GLSL.vcxproj" (target "ResolveAssemblyReferences" depends on it):
       Task "ResolveSDKReference" skipped, due to false condition; ('@(SDKReference)'!='') was evaluated as (''!='').
     1>Done building target "ResolveSDKReferences" in project "P4GLSL.vcxproj".
       Target "ResolveSDKReferences" skipped. Previously built successfully.
     1>Target "ExpandSDKReferences" in file "D:\Programas\Visual Studio 2017\MSBuild\15.0\Bin\Microsoft.Common.CurrentVersion.targets" from project "D:\URJC\PGATR\pgatr\P4GLSL\P4GLSL.vcxproj" (target "ResolveAssemblyReferences" depends on it):
       Task "GetSDKReferenceFiles" skipped, due to false condition; ('@(ResolvedSDKReference)'!='') was evaluated as (''!='').
     1>Done building target "ExpandSDKReferences" in project "P4GLSL.vcxproj".
       Target "ResolveNuGetPackageAssets" skipped, due to false condition; ('$(ResolveNuGetPackages)' == 'true' and exists('$(ProjectLockFile)')) was evaluated as ('true' == 'true' and exists('obj\project.assets.json')).
       Target "ImplicitlyExpandNETStandardFacades" skipped, due to false condition; ('$(ImplicitlyExpandNETStandardFacades)' == 'true') was evaluated as ('' == 'true').
       Target "GetReferenceAssemblyPaths" skipped. Previously built successfully.
       Target "ImplicitlyExpandNETStandardFacades" skipped, due to false condition; ('$(ImplicitlyExpandNETStandardFacades)' == 'true') was evaluated as ('' == 'true').
     1>Target "_HandlePackageFileConflicts" in file "D:\Programas\Visual Studio 2017\MSBuild\Microsoft\Microsoft.NET.Build.Extensions\Microsoft.NET.Build.Extensions.ConflictResolution.targets" from project "D:\URJC\PGATR\pgatr\P4GLSL\P4GLSL.vcxproj" (target "ResolveAssemblyReferences" depends on it):
       Using "ResolvePackageFileConflicts" task from assembly "D:\Programas\Visual Studio 2017\MSBuild\Microsoft\Microsoft.NET.Build.Extensions\\tools\net46\Microsoft.NET.Build.Extensions.Tasks.dll".
       Task "ResolvePackageFileConflicts"
       Done executing task "ResolvePackageFileConflicts".
     1>Done building target "_HandlePackageFileConflicts" in project "P4GLSL.vcxproj".
     1>Target "ResolveAssemblyReferences" in file "D:\Programas\Visual Studio 2017\MSBuild\15.0\Bin\Microsoft.Common.CurrentVersion.targets" from project "D:\URJC\PGATR\pgatr\P4GLSL\P4GLSL.vcxproj" (target "ResolveReferences" depends on it):
       Task "ResolveAssemblyReference" skipped, due to false condition; ('@(Reference)'!='' or '@(_ResolvedProjectReferencePaths)'!='' or '@(_ExplicitReference)' != '') was evaluated as (''!='' or ''!='' or '' != '').
     1>Done building target "ResolveAssemblyReferences" in project "P4GLSL.vcxproj".
       Target "GenerateBindingRedirects" skipped, due to false condition; ('$(AutoGenerateBindingRedirects)' == 'true' and '$(GenerateBindingRedirectsOutputType)' == 'true') was evaluated as ('' == 'true' and 'true' == 'true').
       Target "_RemoveZipFileSuggestedRedirect" skipped, due to false condition; ('$(_TargetFrameworkVersionWithoutV)' >= '4.7.1' And '$(AllowZipFileRedirect)' != 'true') was evaluated as ('4.0' >= '4.7.1' And '' != 'true').
       Target "GenerateBindingRedirectsUpdateAppConfig" skipped, due to false condition; ('$(AutoGenerateBindingRedirects)' == 'true' and '$(GenerateBindingRedirectsOutputType)' == 'true' and Exists('$(_GenerateBindingRedirectsIntermediateAppConfig)')) was evaluated as ('' == 'true' and 'true' == 'true' and Exists('Debug\P4GLSL.exe.config')).
       Target "ResolveComReferences" skipped, due to false condition; ('@(COMReference)'!='' or '@(COMFileReference)'!='') was evaluated as (''!='' or ''!='').
     1>Target "AfterResolveReferences" in file "D:\Programas\Visual Studio 2017\MSBuild\15.0\Bin\Microsoft.Common.CurrentVersion.targets" from project "D:\URJC\PGATR\pgatr\P4GLSL\P4GLSL.vcxproj" (target "ResolveReferences" depends on it):
     1>Done building target "AfterResolveReferences" in project "P4GLSL.vcxproj".
       Target "ImplicitlyExpandDesignTimeFacades" skipped, due to false condition; ('$(ImplicitlyExpandDesignTimeFacades)' == 'true') was evaluated as ('' == 'true').
       Target "ResolveTestReferences" skipped, due to false condition; ('@(Shadow)'!='') was evaluated as (''!='').
     1>Target "ResolveReferences" in file "D:\Programas\Visual Studio 2017\MSBuild\15.0\Bin\Microsoft.Common.CurrentVersion.targets" from project "D:\URJC\PGATR\pgatr\P4GLSL\P4GLSL.vcxproj" (target "Build" depends on it):
     1>Done building target "ResolveReferences" in project "P4GLSL.vcxproj".
       Target "PrepareForBuild" skipped. Previously built successfully.
       Target "PrepareForBuild" skipped. Previously built successfully.
     1>Target "InitializeBuildStatus" in file "D:\Programas\Visual Studio 2017\Common7\IDE\VC\VCTargets\Microsoft.CppBuild.targets" from project "D:\URJC\PGATR\pgatr\P4GLSL\P4GLSL.vcxproj" (target "Build" depends on it):
       Using "ReadLinesFromFile" task from assembly "Microsoft.Build.Tasks.Core, Version=15.1.0.0, Culture=neutral, PublicKeyToken=b03f5f7f11d50a3a".
       Task "ReadLinesFromFile"
       Done executing task "ReadLinesFromFile".
       Using "WriteLinesToFile" task from assembly "Microsoft.Build.Tasks.Core, Version=15.1.0.0, Culture=neutral, PublicKeyToken=b03f5f7f11d50a3a".
       Task "WriteLinesToFile"
       Done executing task "WriteLinesToFile".
       Using "Touch" task from assembly "Microsoft.Build.Tasks.Core, Version=15.1.0.0, Culture=neutral, PublicKeyToken=b03f5f7f11d50a3a".
       Task "Touch"
         Touching "Debug\P4GLSL.tlog\unsuccessfulbuild".
       Done executing task "Touch".
     1>Done building target "InitializeBuildStatus" in project "P4GLSL.vcxproj".
       Target "PrepareProjectReferences" skipped. Previously built successfully.
     1>Target "BuildGenerateSourcesTraverse" in file "D:\Programas\Visual Studio 2017\MSBuild\15.0\Bin\Microsoft.Common.CurrentVersion.targets" from project "D:\URJC\PGATR\pgatr\P4GLSL\P4GLSL.vcxproj" (target "BuildGenerateSources" depends on it):
       Task "MSBuild" skipped, due to false condition; ('$(BuildPassReferences)' == 'true' and '@(ProjectReferenceWithConfiguration)' != '' and '@(_MSBuildProjectReferenceExistent)' != '' and '%(_MSBuildProjectReferenceExistent.BuildReference)' == 'true') was evaluated as ('' == 'true' and '' != '' and '' != '' and '' == 'true').
     1>Done building target "BuildGenerateSourcesTraverse" in project "P4GLSL.vcxproj".
       Target "PrepareForBuild" skipped. Previously built successfully.
       Target "ResolveReferences" skipped. Previously built successfully.
     1>Target "BeforeBuildGenerateSources" in file "D:\Programas\Visual Studio 2017\Common7\IDE\VC\VCTargets\Microsoft.BuildSteps.Targets" from project "D:\URJC\PGATR\pgatr\P4GLSL\P4GLSL.vcxproj" (target "_BuildGenerateSourcesAction" depends on it):
     1>Done building target "BeforeBuildGenerateSources" in project "P4GLSL.vcxproj".
     1>Target "PreBuildEvent" in file "D:\Programas\Visual Studio 2017\Common7\IDE\VC\VCTargets\Microsoft.CppCommon.targets" from project "D:\URJC\PGATR\pgatr\P4GLSL\P4GLSL.vcxproj" (target "_BuildGenerateSourcesAction" depends on it):
       Task "Message" skipped, due to false condition; ('%(PreBuildEvent.Message)' != '' and '%(PreBuildEvent.Command)' != '') was evaluated as ('' != '' and '' != '').
       Task "Exec" skipped, due to false condition; ('%(PreBuildEvent.Command)' != '') was evaluated as ('' != '').
     1>Done building target "PreBuildEvent" in project "P4GLSL.vcxproj".
       Target "CustomBuild" skipped, due to false condition; ('@(CustomBuild)' != '') was evaluated as ('' != '').
       Target "FxExport" skipped, due to false condition; ('@(FxCompile)' != '') was evaluated as ('' != '').
       Target "FxCompile" skipped, due to false condition; ('@(FxCompile)' != '') was evaluated as ('' != '').
       Target "_CreateCopyFileItems" skipped, due to false condition; ('@(CopyFileToFolders)' != '') was evaluated as ('' != '').
       Target "PrepareForBuild" skipped. Previously built successfully.
       Target "InitializeBuildStatus" skipped. Previously built successfully.
       Target "SetBuildDefaultEnvironmentVariables" skipped. Previously built successfully.
       Target "SetUserMacroEnvironmentVariables" skipped, due to false condition; ('@(BuildMacro)' != '' and '$(DesignTimeBuild)' != 'true') was evaluated as ('' != '' and '' != 'true').
     1>Target "_SelectedFiles" in file "D:\Programas\Visual Studio 2017\Common7\IDE\VC\VCTargets\Microsoft.CppBuild.targets" from project "D:\URJC\PGATR\pgatr\P4GLSL\P4GLSL.vcxproj" (target "CopyFileToFolders" depends on it):
     1>Done building target "_SelectedFiles" in project "P4GLSL.vcxproj".
     1>Target "CopyFileToFolders" in file "D:\Programas\Visual Studio 2017\Common7\IDE\VC\VCTargets\Microsoft.CppCommon.targets" from project "D:\URJC\PGATR\pgatr\P4GLSL\P4GLSL.vcxproj" (target "_BuildGenerateSourcesAction" depends on it):
       Using "GetOutOfDateItems" task from assembly "D:\Programas\Visual Studio 2017\Common7\IDE\VC\VCTargets\Microsoft.Build.CppTasks.Common.dll".
       Task "GetOutOfDateItems"
       Done executing task "GetOutOfDateItems".
       Task "Copy" skipped, due to false condition; ('@(_OutOfDateCopyFile)' != '') was evaluated as ('' != '').
     1>Done building target "CopyFileToFolders" in project "P4GLSL.vcxproj".
       Target "Xsd" skipped, due to false condition; ('@(Xsd)' != '') was evaluated as ('' != '').
     1>Target "_Xsd" in file "D:\Programas\Visual Studio 2017\Common7\IDE\VC\VCTargets\Microsoft.CppBuild.targets" from project "D:\URJC\PGATR\pgatr\P4GLSL\P4GLSL.vcxproj" (target "_BuildGenerateSourcesAction" depends on it):
     1>Done building target "_Xsd" in project "P4GLSL.vcxproj".
     1>Target "MakeDirsForMidl" in file "D:\Programas\Visual Studio 2017\Common7\IDE\VC\VCTargets\Microsoft.CppBuild.targets" from project "D:\URJC\PGATR\pgatr\P4GLSL\P4GLSL.vcxproj" (target "_Midl" depends on it):
       Task "Makedir"
       Done executing task "Makedir".
     1>Done building target "MakeDirsForMidl" in project "P4GLSL.vcxproj".
       Target "Midl" skipped, due to false condition; ('@(Midl)' != '') was evaluated as ('' != '').
       Target "CustomBuild" skipped, due to false condition; ('@(CustomBuild)' != '') was evaluated as ('' != '').
       Target "FxExport" skipped, due to false condition; ('@(FxCompile)' != '') was evaluated as ('' != '').
       Target "FxCompile" skipped, due to false condition; ('@(FxCompile)' != '') was evaluated as ('' != '').
     1>Target "ComputeMIDLGeneratedCompileInputs" in file "D:\Programas\Visual Studio 2017\Common7\IDE\VC\VCTargets\Microsoft.CppBuild.targets" from project "D:\URJC\PGATR\pgatr\P4GLSL\P4GLSL.vcxproj" (target "_Midl" depends on it):
     1>Done building target "ComputeMIDLGeneratedCompileInputs" in project "P4GLSL.vcxproj".
     1>Target "AfterMidl" in file "D:\Programas\Visual Studio 2017\Common7\IDE\VC\VCTargets\Microsoft.CppBuild.targets" from project "D:\URJC\PGATR\pgatr\P4GLSL\P4GLSL.vcxproj" (target "_Midl" depends on it):
     1>Done building target "AfterMidl" in project "P4GLSL.vcxproj".
     1>Target "_Midl" in file "D:\Programas\Visual Studio 2017\Common7\IDE\VC\VCTargets\Microsoft.CppBuild.targets" from project "D:\URJC\PGATR\pgatr\P4GLSL\P4GLSL.vcxproj" (target "_BuildGenerateSourcesAction" depends on it):
     1>Done building target "_Midl" in project "P4GLSL.vcxproj".
     1>Target "AfterBuildGenerateSources" in file "D:\Programas\Visual Studio 2017\Common7\IDE\VC\VCTargets\Microsoft.BuildSteps.Targets" from project "D:\URJC\PGATR\pgatr\P4GLSL\P4GLSL.vcxproj" (target "_BuildGenerateSourcesAction" depends on it):
     1>Done building target "AfterBuildGenerateSources" in project "P4GLSL.vcxproj".
     1>Target "AfterBuildGenerateSourcesEvent" in file "D:\Programas\Visual Studio 2017\Common7\IDE\VC\VCTargets\Microsoft.CppBuild.targets" from project "D:\URJC\PGATR\pgatr\P4GLSL\P4GLSL.vcxproj" (target "_BuildGenerateSourcesAction" depends on it):
     1>Done building target "AfterBuildGenerateSourcesEvent" in project "P4GLSL.vcxproj".
     1>Target "_BuildGenerateSourcesAction" in file "D:\Programas\Visual Studio 2017\Common7\IDE\VC\VCTargets\Microsoft.CppBuild.targets" from project "D:\URJC\PGATR\pgatr\P4GLSL\P4GLSL.vcxproj" (target "BuildGenerateSources" depends on it):
     1>Done building target "_BuildGenerateSourcesAction" in project "P4GLSL.vcxproj".
     1>Target "BuildGenerateSources" in file "D:\Programas\Visual Studio 2017\MSBuild\15.0\Bin\Microsoft.Common.CurrentVersion.targets" from project "D:\URJC\PGATR\pgatr\P4GLSL\P4GLSL.vcxproj" (target "Build" depends on it):
     1>Done building target "BuildGenerateSources" in project "P4GLSL.vcxproj".
       Target "PrepareProjectReferences" skipped. Previously built successfully.
     1>Target "BuildCompileTraverse" in file "D:\Programas\Visual Studio 2017\MSBuild\15.0\Bin\Microsoft.Common.CurrentVersion.targets" from project "D:\URJC\PGATR\pgatr\P4GLSL\P4GLSL.vcxproj" (target "BuildCompile" depends on it):
       Task "MSBuild" skipped, due to false condition; ('$(BuildPassReferences)' == 'true' and '@(ProjectReferenceWithConfiguration)' != '' and '@(_MSBuildProjectReferenceExistent)' != ''  and '%(_MSBuildProjectReferenceExistent.BuildReference)' == 'true') was evaluated as ('' == 'true' and '' != '' and '' != ''  and '' == 'true').
     1>Done building target "BuildCompileTraverse" in project "P4GLSL.vcxproj".
       Target "PrepareForBuild" skipped. Previously built successfully.
       Target "ResolveReferences" skipped. Previously built successfully.
     1>Target "BeforeClCompile" in file "D:\Programas\Visual Studio 2017\Common7\IDE\VC\VCTargets\Microsoft.CppBuild.targets" from project "D:\URJC\PGATR\pgatr\P4GLSL\P4GLSL.vcxproj" (target "_ClCompile" depends on it):
     1>Done building target "BeforeClCompile" in project "P4GLSL.vcxproj".
       Target "ComputeMIDLGeneratedCompileInputs" skipped. Previously built successfully.
     1>Target "ComputeCLInputPDBName" in file "D:\Programas\Visual Studio 2017\Common7\IDE\VC\VCTargets\Microsoft.CppBuild.targets" from project "D:\URJC\PGATR\pgatr\P4GLSL\P4GLSL.vcxproj" (target "_ClCompile" depends on it):
     1>Done building target "ComputeCLInputPDBName" in project "P4GLSL.vcxproj".
       Target "ResolveReferences" skipped. Previously built successfully.
     1>Target "ComputeReferenceCLInput" in file "D:\Programas\Visual Studio 2017\Common7\IDE\VC\VCTargets\Microsoft.CppBuild.targets" from project "D:\URJC\PGATR\pgatr\P4GLSL\P4GLSL.vcxproj" (target "_ClCompile" depends on it):
       Task "WriteLinesToFile" skipped, due to false condition; (('@(_ReferenceCopyLocalPaths)'!='') and '$(DesignTimeBuild)' != 'true') was evaluated as ((''!='') and '' != 'true').
       Task "Message" skipped, due to false condition; ('$(_REFERENCE_DEBUG)'=='true') was evaluated as (''=='true').
     1>Done building target "ComputeReferenceCLInput" in project "P4GLSL.vcxproj".
     1>Target "WarnCompileDuplicatedFilename" in file "D:\Programas\Visual Studio 2017\Common7\IDE\VC\VCTargets\Microsoft.CppBuild.targets" from project "D:\URJC\PGATR\pgatr\P4GLSL\P4GLSL.vcxproj" (target "_ClCompile" depends on it):
       Task "VCMessage" skipped, due to false condition; ('%(ClCompile.ExcludedFromBuild)' != 'true' and '%(Filename)%(Extension)' != '@(ClCompile->'%(Filename)%(Extension)')' and '%(ObjectFileName)' == '@(ClCompile->Metadata(ObjectFileName)->Distinct())') was evaluated as ('' != 'true' and 'auxiliar.cpp' != 'auxiliar.cpp' and 'Debug\' == 'Debug\').
       Task "VCMessage" skipped, due to false condition; ('%(ClCompile.ExcludedFromBuild)' != 'true' and '%(Filename)%(Extension)' != '@(ClCompile->'%(Filename)%(Extension)')' and '%(ObjectFileName)' == '@(ClCompile->Metadata(ObjectFileName)->Distinct())') was evaluated as ('false' != 'true' and 'main.cpp' != 'main.cpp' and 'Debug\' == 'Debug\').
     1>Done building target "WarnCompileDuplicatedFilename" in project "P4GLSL.vcxproj".
     1>Target "FixupCLCompileOptions" in file "D:\Programas\Visual Studio 2017\Common7\IDE\VC\VCTargets\Microsoft.CppCommon.targets" from project "D:\URJC\PGATR\pgatr\P4GLSL\P4GLSL.vcxproj" (target "_ClCompile" depends on it):
     1>Done building target "FixupCLCompileOptions" in project "P4GLSL.vcxproj".
     1>Target "MakeDirsForCl" in file "D:\Programas\Visual Studio 2017\Common7\IDE\VC\VCTargets\Microsoft.CppBuild.targets" from project "D:\URJC\PGATR\pgatr\P4GLSL\P4GLSL.vcxproj" (target "_ClCompile" depends on it):
       Task "MakeDir"
       Done executing task "MakeDir".
     1>Done building target "MakeDirsForCl" in project "P4GLSL.vcxproj".
       Target "_SelectedFiles" skipped. Previously built successfully.
       Target "ComputeMIDLGeneratedCompileInputs" skipped. Previously built successfully.
       Target "ComputeCLInputPDBName" skipped. Previously built successfully.
       Target "ComputeReferenceCLInput" skipped. Previously built successfully.
       Target "WarnCompileDuplicatedFilename" skipped. Previously built successfully.
       Target "FixupCLCompileOptions" skipped. Previously built successfully.
       Target "_SelectedFiles" skipped. Previously built successfully.
     1>Target "SelectCustomBuild" in file "D:\Programas\Visual Studio 2017\Common7\IDE\VC\VCTargets\Microsoft.CppBuild.targets" from project "D:\URJC\PGATR\pgatr\P4GLSL\P4GLSL.vcxproj" (target "SelectClCompile" depends on it):
     1>Done building target "SelectCustomBuild" in project "P4GLSL.vcxproj".
     1>Target "SelectClCompile" in file "D:\Programas\Visual Studio 2017\Common7\IDE\VC\VCTargets\Microsoft.CppBuild.targets" from project "D:\URJC\PGATR\pgatr\P4GLSL\P4GLSL.vcxproj" (target "ClCompile" depends on it):
     1>Done building target "SelectClCompile" in project "P4GLSL.vcxproj".
       Target "GenerateTargetFrameworkMonikerAttribute" skipped, due to false condition; ('$(GenerateTargetFrameworkAttribute)' == 'true') was evaluated as ('false' == 'true').
       Target "ManagedIncrementalBuildPreProcessDependencyGraph" skipped, due to false condition; ('@(ClCompile)' != '' and '$(EnableManagedIncrementalBuild)' == 'True') was evaluated as ('scr\auxiliar.cpp;scr\main.cpp' != '' and 'false' == 'True').
     1>Target "VcpkgTripletSelection" in file "D:\Programas\vcpkg\scripts\buildsystems\msbuild\vcpkg.targets" from project "D:\URJC\PGATR\pgatr\P4GLSL\P4GLSL.vcxproj" (target "ClCompile" depends on it):
       Task "Message"
         Using triplet "x86-windows" from "D:\Programas\vcpkg\installed\x86-windows\"
       Done executing task "Message".
       Task "Message" skipped, due to false condition; ('$(VcpkgEnabled)' != 'true') was evaluated as ('true' != 'true').
       Task "Message" skipped, due to false condition; ('$(VcpkgEnabled)' == 'true' and '$(VcpkgNormalizedConfiguration)' == '') was evaluated as ('true' == 'true' and 'Debug' == '').
     1>Done building target "VcpkgTripletSelection" in project "P4GLSL.vcxproj".
     1>Target "ClCompile" in file "D:\Programas\Visual Studio 2017\Common7\IDE\VC\VCTargets\Microsoft.CppCommon.targets" from project "D:\URJC\PGATR\pgatr\P4GLSL\P4GLSL.vcxproj" (target "_ClCompile" depends on it):
       Task "Delete" skipped, due to false condition; ('%(ClCompile.DebugInformationFormat)' != '' and '%(ClCompile.DebugInformationFormat)' != 'None' and '%(ClCompile.DebugInformationFormat)' != 'OldStyle' and '%(ClCompile.ProgramDataBaseFileName)' != '' and !Exists(%(ClCompile.ProgramDataBaseFileName))) was evaluated as ('EditAndContinue' != '' and 'EditAndContinue' != 'None' and 'EditAndContinue' != 'OldStyle' and 'Debug\vc141.pdb' != '' and !Exists(Debug\vc141.pdb)).
       Task "CL" skipped, due to false condition; ('%(ClCompile.PrecompiledHeader)' == 'Create' and '%(ClCompile.ExcludedFromBuild)'!='true' and '%(ClCompile.CompilerIteration)' == '') was evaluated as ('' == 'Create' and ''!='true' and '' == '').
       Task "CL" skipped, due to false condition; ('%(ClCompile.PrecompiledHeader)' == 'Create' and '%(ClCompile.ExcludedFromBuild)'!='true' and '%(ClCompile.CompilerIteration)' == '') was evaluated as ('' == 'Create' and 'false'!='true' and '' == '').
       Using "CL" task from assembly "D:\Programas\Visual Studio 2017\Common7\IDE\VC\VCTargets\Microsoft.Build.CppTasks.Common.dll".
       Task "CL"
         Read Tracking Logs:
         	Debug\P4GLSL.tlog\CL.read.1.tlog
         Outputs for D:\URJC\PGATR\PGATR\P4GLSL\SCR\AUXILIAR.CPP:
         	D:\URJC\PGATR\PGATR\P4GLSL\DEBUG\AUXILIAR.OBJ
         scr\auxiliar.cpp will be compiled because it was not found in the tracking log.
         Environment Variables passed to tool:
           VS_UNICODE_OUTPUT=1040
         D:\Programas\Visual Studio 2017\VC\Tools\MSVC\14.16.27023\bin\HostX86\x86\CL.exe /c /I..\libs\include /I"D:\Programas\vcpkg\installed\x86-windows\include" /ZI /nologo /W3 /WX- /diagnostics:classic /Od /Oy- /D WIN32 /D _DEBUG /D _CONSOLE /D _MBCS /Gm /EHsc /RTC1 /MDd /GS /fp:precise /Zc:wchar_t /Zc:forScope /Zc:inline /Fo"Debug\\" /Fd"Debug\vc141.pdb" /Gd /TP /analyze- /FC /errorReport:prompt scr\auxiliar.cpp
         Tracking command:
         D:\Programas\Visual Studio 2017\MSBuild\15.0\Bin\Tracker.exe /d "C:\Program Files (x86)\MSBuild\15.0\FileTracker\FileTracker32.dll" /i D:\URJC\PGATR\pgatr\P4GLSL\Debug\P4GLSL.tlog /r D:\URJC\PGATR\PGATR\P4GLSL\SCR\AUXILIAR.CPP /b MSBuildConsole_CancelEvent152be26dc30c4e1f85f9b05290b9cf13  /c "D:\Programas\Visual Studio 2017\VC\Tools\MSVC\14.16.27023\bin\HostX86\x86\CL.exe"  /c /I..\libs\include /I"D:\Programas\vcpkg\installed\x86-windows\include" /ZI /nologo /W3 /WX- /diagnostics:classic /Od /Oy- /D WIN32 /D _DEBUG /D _CONSOLE /D _MBCS /Gm /EHsc /RTC1 /MDd /GS /fp:precise /Zc:wchar_t /Zc:forScope /Zc:inline /Fo"Debug\\" /Fd"Debug\vc141.pdb" /Gd /TP /analyze- /FC /errorReport:prompt scr\auxiliar.cpp
     1>cl : Command line warning D9035: option 'Gm' has been deprecated and will be removed in a future release
         Skipping... (no relevant changes detected)
         auxiliar.cpp
       Done executing task "CL".
       Task "CL"
         Read Tracking Logs:
         	Debug\P4GLSL.tlog\CL.read.1.tlog
         Outputs for D:\URJC\PGATR\PGATR\P4GLSL\SCR\MAIN.CPP:
         	D:\URJC\PGATR\PGATR\P4GLSL\DEBUG\MAIN.OBJ
         scr\main.cpp will be compiled because it was not found in the tracking log.
         Environment Variables passed to tool:
           VS_UNICODE_OUTPUT=1784
         D:\Programas\Visual Studio 2017\VC\Tools\MSVC\14.16.27023\bin\HostX86\x86\CL.exe /c /I..\libs\include /I"D:\Programas\vcpkg\installed\x86-windows\include" /ZI /nologo /W3 /WX- /diagnostics:classic /Od /Oy- /D WIN32 /D _DEBUG /D _CONSOLE /D _MBCS /Gm /EHsc /RTC1 /MDd /GS /fp:precise /Zc:wchar_t /Zc:forScope /Zc:inline /Fo"Debug\\" /Fd"Debug\vc141.pdb" /Gd /TP /analyze- /FC /errorReport:prompt scr\main.cpp
         Tracking command:
         D:\Programas\Visual Studio 2017\MSBuild\15.0\Bin\Tracker.exe /d "C:\Program Files (x86)\MSBuild\15.0\FileTracker\FileTracker32.dll" /i D:\URJC\PGATR\pgatr\P4GLSL\Debug\P4GLSL.tlog /r D:\URJC\PGATR\PGATR\P4GLSL\SCR\MAIN.CPP /b MSBuildConsole_CancelEvent191a2e2827d64299bad57f55fb540ebb  /c "D:\Programas\Visual Studio 2017\VC\Tools\MSVC\14.16.27023\bin\HostX86\x86\CL.exe"  /c /I..\libs\include /I"D:\Programas\vcpkg\installed\x86-windows\include" /ZI /nologo /W3 /WX- /diagnostics:classic /Od /Oy- /D WIN32 /D _DEBUG /D _CONSOLE /D _MBCS /Gm /EHsc /RTC1 /MDd /GS /fp:precise /Zc:wchar_t /Zc:forScope /Zc:inline /Fo"Debug\\" /Fd"Debug\vc141.pdb" /Gd /TP /analyze- /FC /errorReport:prompt scr\main.cpp
     1>cl : Command line warning D9035: option 'Gm' has been deprecated and will be removed in a future release
         Skipping... (no relevant changes detected)
         main.cpp
       Done executing task "CL".
     1>Done building target "ClCompile" in project "P4GLSL.vcxproj".
       Target "RunSelectedFileNativeCodeAnalysis" skipped, due to false condition; ('$(RunCppAnalysis)'=='true' and '$(SelectedFiles)'!='') was evaluated as ('false'=='true' and ''!='').
       Target "ManagedIncrementalBuildPostProcessDependencyGraph" skipped, due to false condition; ('@(ClCompile)' != '' and '$(EnableManagedIncrementalBuild)' == 'True') was evaluated as ('scr\auxiliar.cpp;scr\main.cpp' != '' and 'false' == 'True').
     1>Target "AfterClCompile" in file "D:\Programas\Visual Studio 2017\Common7\IDE\VC\VCTargets\Microsoft.CppBuild.targets" from project "D:\URJC\PGATR\pgatr\P4GLSL\P4GLSL.vcxproj" (target "_ClCompile" depends on it):
     1>Done building target "AfterClCompile" in project "P4GLSL.vcxproj".
     1>Target "_ClCompile" in file "D:\Programas\Visual Studio 2017\Common7\IDE\VC\VCTargets\Microsoft.CppBuild.targets" from project "D:\URJC\PGATR\pgatr\P4GLSL\P4GLSL.vcxproj" (target "_BuildCompileAction" depends on it):
     1>Done building target "_ClCompile" in project "P4GLSL.vcxproj".
       Target "_ResGen" skipped, due to false condition; ('@(EmbeddedResource)'!='') was evaluated as (''!='').
     1>Target "BeforeResourceCompile" in file "D:\Programas\Visual Studio 2017\Common7\IDE\VC\VCTargets\Microsoft.CppBuild.targets" from project "D:\URJC\PGATR\pgatr\P4GLSL\P4GLSL.vcxproj" (target "_ResourceCompile" depends on it):
     1>Done building target "BeforeResourceCompile" in project "P4GLSL.vcxproj".
     1>Target "MakeDirsForResourceCompile" in file "D:\Programas\Visual Studio 2017\Common7\IDE\VC\VCTargets\Microsoft.CppBuild.targets" from project "D:\URJC\PGATR\pgatr\P4GLSL\P4GLSL.vcxproj" (target "_ResourceCompile" depends on it):
       Task "MakeDir"
       Done executing task "MakeDir".
     1>Done building target "MakeDirsForResourceCompile" in project "P4GLSL.vcxproj".
       Target "ResourceCompile" skipped, due to false condition; ('@(ResourceCompile)' != '') was evaluated as ('' != '').
     1>Target "AfterResourceCompile" in file "D:\Programas\Visual Studio 2017\Common7\IDE\VC\VCTargets\Microsoft.CppBuild.targets" from project "D:\URJC\PGATR\pgatr\P4GLSL\P4GLSL.vcxproj" (target "_ResourceCompile" depends on it):
     1>Done building target "AfterResourceCompile" in project "P4GLSL.vcxproj".
     1>Target "_ResourceCompile" in file "D:\Programas\Visual Studio 2017\Common7\IDE\VC\VCTargets\Microsoft.CppBuild.targets" from project "D:\URJC\PGATR\pgatr\P4GLSL\P4GLSL.vcxproj" (target "_BuildCompileAction" depends on it):
     1>Done building target "_ResourceCompile" in project "P4GLSL.vcxproj".
       Target "_ImpLib" skipped, due to false condition; ('$(ImpLibCompiled)' == 'true') was evaluated as ('' == 'true').
       Target "_Lib" skipped, due to false condition; ('$(LibCompiled)' == 'true') was evaluated as ('' == 'true').
     1>Target "AfterBuildCompileEvent" in file "D:\Programas\Visual Studio 2017\Common7\IDE\VC\VCTargets\Microsoft.CppBuild.targets" from project "D:\URJC\PGATR\pgatr\P4GLSL\P4GLSL.vcxproj" (target "_BuildCompileAction" depends on it):
     1>Done building target "AfterBuildCompileEvent" in project "P4GLSL.vcxproj".
     1>Target "_BuildCompileAction" in file "D:\Programas\Visual Studio 2017\Common7\IDE\VC\VCTargets\Microsoft.CppBuild.targets" from project "D:\URJC\PGATR\pgatr\P4GLSL\P4GLSL.vcxproj" (target "BuildCompile" depends on it):
     1>Done building target "_BuildCompileAction" in project "P4GLSL.vcxproj".
     1>Target "BuildCompile" in file "D:\Programas\Visual Studio 2017\MSBuild\15.0\Bin\Microsoft.Common.CurrentVersion.targets" from project "D:\URJC\PGATR\pgatr\P4GLSL\P4GLSL.vcxproj" (target "Build" depends on it):
     1>Done building target "BuildCompile" in project "P4GLSL.vcxproj".
       Target "PrepareProjectReferences" skipped. Previously built successfully.
     1>Target "BuildLinkTraverse" in file "D:\Programas\Visual Studio 2017\MSBuild\15.0\Bin\Microsoft.Common.CurrentVersion.targets" from project "D:\URJC\PGATR\pgatr\P4GLSL\P4GLSL.vcxproj" (target "BuildLink" depends on it):
       Task "MSBuild" skipped, due to false condition; ('$(BuildPassReferences)' == 'true' and '@(ProjectReferenceWithConfiguration)' != '' and '@(_MSBuildProjectReferenceExistent)' != ''  and '%(_MSBuildProjectReferenceExistent.BuildReference)' == 'true') was evaluated as ('' == 'true' and '' != '' and '' != ''  and '' == 'true').
     1>Done building target "BuildLinkTraverse" in project "P4GLSL.vcxproj".
       Target "PrepareForBuild" skipped. Previously built successfully.
       Target "ResolveReferences" skipped. Previously built successfully.
     1>Target "ComputeLegacyManifestEmbedding" in file "D:\Programas\Visual Studio 2017\Common7\IDE\VC\VCTargets\Microsoft.CppBuild.targets" from project "D:\URJC\PGATR\pgatr\P4GLSL\P4GLSL.vcxproj" (target "_BuildLinkAction" depends on it):
       Task "VCMessage" skipped, due to false condition; ('$(RevertManifestEmbedding)' == 'true' and '$(_LegacyManifestEmbeddingDebug)' == 'true') was evaluated as ('' == 'true' and '' == 'true').
     1>Done building target "ComputeLegacyManifestEmbedding" in project "P4GLSL.vcxproj".
     1>Target "BeforeLink" in file "D:\Programas\Visual Studio 2017\Common7\IDE\VC\VCTargets\Microsoft.CppBuild.targets" from project "D:\URJC\PGATR\pgatr\P4GLSL\P4GLSL.vcxproj" (target "_Link" depends on it):
     1>Done building target "BeforeLink" in project "P4GLSL.vcxproj".
     1>Target "ComputeRCOutputs" in file "D:\Programas\Visual Studio 2017\Common7\IDE\VC\VCTargets\Microsoft.CppBuild.targets" from project "D:\URJC\PGATR\pgatr\P4GLSL\P4GLSL.vcxproj" (target "ComputeRCGeneratedLinkInputs" depends on it):
     1>Done building target "ComputeRCOutputs" in project "P4GLSL.vcxproj".
     1>Target "ComputeRCGeneratedLinkInputs" in file "D:\Programas\Visual Studio 2017\Common7\IDE\VC\VCTargets\Microsoft.CppBuild.targets" from project "D:\URJC\PGATR\pgatr\P4GLSL\P4GLSL.vcxproj" (target "_Link" depends on it):
     1>Done building target "ComputeRCGeneratedLinkInputs" in project "P4GLSL.vcxproj".
     1>Target "ComputeManifestGeneratedLinkerInputs" in file "D:\Programas\Visual Studio 2017\Common7\IDE\VC\VCTargets\Microsoft.CppBuild.targets" from project "D:\URJC\PGATR\pgatr\P4GLSL\P4GLSL.vcxproj" (target "_Link" depends on it):
     1>Done building target "ComputeManifestGeneratedLinkerInputs" in project "P4GLSL.vcxproj".
     1>Target "ComputeCustomBuildOutput" in file "D:\Programas\Visual Studio 2017\Common7\IDE\VC\VCTargets\Microsoft.CppBuild.targets" from project "D:\URJC\PGATR\pgatr\P4GLSL\P4GLSL.vcxproj" (target "_Link" depends on it):
       Task "CreateItem" skipped, due to false condition; ('%(CustomBuildOutputs.OutputItemType)'!='') was evaluated as (''!='').
       Task "MakeDir"
       Done executing task "MakeDir".
     1>Done building target "ComputeCustomBuildOutput" in project "P4GLSL.vcxproj".
       Target "ComputeMIDLGeneratedCompileInputs" skipped. Previously built successfully.
       Target "ComputeCLInputPDBName" skipped. Previously built successfully.
       Target "ComputeReferenceCLInput" skipped. Previously built successfully.
       Target "WarnCompileDuplicatedFilename" skipped. Previously built successfully.
       Target "FixupCLCompileOptions" skipped. Previously built successfully.
     1>Target "ComputeCLOutputs" in file "D:\Programas\Visual Studio 2017\Common7\IDE\VC\VCTargets\Microsoft.CppBuild.targets" from project "D:\URJC\PGATR\pgatr\P4GLSL\P4GLSL.vcxproj" (target "ComputeCLGeneratedLinkInputs" depends on it):
     1>Done building target "ComputeCLOutputs" in project "P4GLSL.vcxproj".
     1>Target "ComputeCLGeneratedLinkInputs" in file "D:\Programas\Visual Studio 2017\Common7\IDE\VC\VCTargets\Microsoft.CppBuild.targets" from project "D:\URJC\PGATR\pgatr\P4GLSL\P4GLSL.vcxproj" (target "_Link" depends on it):
     1>Done building target "ComputeCLGeneratedLinkInputs" in project "P4GLSL.vcxproj".
     1>Target "ComputeLinkInputsFromProject" in file "D:\Programas\Visual Studio 2017\Common7\IDE\VC\VCTargets\Microsoft.CppBuild.targets" from project "D:\URJC\PGATR\pgatr\P4GLSL\P4GLSL.vcxproj" (target "_Link" depends on it):
     1>Done building target "ComputeLinkInputsFromProject" in project "P4GLSL.vcxproj".
       Target "ComputeReferenceLinkInputs" skipped, due to false condition; (@(ProjectReference) != '') was evaluated as ( != '').
     1>Target "ComputeManifestInputsTargets" in file "D:\Programas\Visual Studio 2017\Common7\IDE\VC\VCTargets\Microsoft.CppBuild.targets" from project "D:\URJC\PGATR\pgatr\P4GLSL\P4GLSL.vcxproj" (target "_Link" depends on it):
     1>Done building target "ComputeManifestInputsTargets" in project "P4GLSL.vcxproj".
       Target "ManifestResourceCompile" skipped, due to false condition; ('$(EmbedManifestBy)' == 'LINK' and '@(Manifest)' != '') was evaluated as ('LINK' == 'LINK' and '' != '').
       Target "AssignWinFXEmbeddedResource" skipped, due to false condition; ('@(WinFXEmbeddedResource)' != '') was evaluated as ('' != '').
     1>Target "AssignTargetPaths" in file "D:\Programas\Visual Studio 2017\MSBuild\15.0\Bin\Microsoft.Common.CurrentVersion.targets" from project "D:\URJC\PGATR\pgatr\P4GLSL\P4GLSL.vcxproj" (target "PrepareResourceNames" depends on it):
       Using "AssignTargetPath" task from assembly "Microsoft.Build.Tasks.Core, Version=15.1.0.0, Culture=neutral, PublicKeyToken=b03f5f7f11d50a3a".
       Task "AssignTargetPath"
       Done executing task "AssignTargetPath".
       Task "AssignTargetPath"
       Done executing task "AssignTargetPath".
       Task "AssignTargetPath"
       Done executing task "AssignTargetPath".
       Task "AssignTargetPath"
       Done executing task "AssignTargetPath".
       Task "AssignTargetPath" skipped, due to false condition; ('@(_DeploymentBaseManifestWithTargetPath)'=='' and '%(None.Extension)'=='.manifest') was evaluated as (''=='' and '.frag'=='.manifest').
       Task "AssignTargetPath" skipped, due to false condition; ('@(_DeploymentBaseManifestWithTargetPath)'=='' and '%(None.Extension)'=='.manifest') was evaluated as (''=='' and '.geo'=='.manifest').
       Task "AssignTargetPath" skipped, due to false condition; ('@(_DeploymentBaseManifestWithTargetPath)'=='' and '%(None.Extension)'=='.manifest') was evaluated as (''=='' and '.vert'=='.manifest').
     1>Done building target "AssignTargetPaths" in project "P4GLSL.vcxproj".
       Target "AssignTargetPaths" skipped. Previously built successfully.
     1>Target "SplitResourcesByCulture" in file "D:\Programas\Visual Studio 2017\MSBuild\15.0\Bin\Microsoft.Common.CurrentVersion.targets" from project "D:\URJC\PGATR\pgatr\P4GLSL\P4GLSL.vcxproj" (target "PrepareResourceNames" depends on it):
       Task "Warning" skipped, due to false condition; ('@(ResxWithNoCulture)'!='') was evaluated as (''!='').
       Task "Warning" skipped, due to false condition; ('@(ResxWithCulture)'!='') was evaluated as (''!='').
       Task "Warning" skipped, due to false condition; ('@(NonResxWithCulture)'!='') was evaluated as (''!='').
       Task "Warning" skipped, due to false condition; ('@(NonResxWithNoCulture)'!='') was evaluated as (''!='').
       Using "AssignCulture" task from assembly "Microsoft.Build.Tasks.Core, Version=15.1.0.0, Culture=neutral, PublicKeyToken=b03f5f7f11d50a3a".
       Task "AssignCulture"
       Done executing task "AssignCulture".
     1>Done building target "SplitResourcesByCulture" in project "P4GLSL.vcxproj".
       Target "CreateManifestResourceNames" skipped, due to false condition; ('@(EmbeddedResource)' != '') was evaluated as ('' != '').
     1>Target "CreateCustomManifestResourceNames" in file "D:\Programas\Visual Studio 2017\MSBuild\15.0\Bin\Microsoft.Common.CurrentVersion.targets" from project "D:\URJC\PGATR\pgatr\P4GLSL\P4GLSL.vcxproj" (target "PrepareResourceNames" depends on it):
     1>Done building target "CreateCustomManifestResourceNames" in project "P4GLSL.vcxproj".
     1>Target "PrepareResourceNames" in file "D:\Programas\Visual Studio 2017\MSBuild\15.0\Bin\Microsoft.Common.CurrentVersion.targets" from project "D:\URJC\PGATR\pgatr\P4GLSL\P4GLSL.vcxproj" (target "_Link" depends on it):
     1>Done building target "PrepareResourceNames" in project "P4GLSL.vcxproj".
     1>Target "MakeDirsForLink" in file "D:\Programas\Visual Studio 2017\Common7\IDE\VC\VCTargets\Microsoft.CppBuild.targets" from project "D:\URJC\PGATR\pgatr\P4GLSL\P4GLSL.vcxproj" (target "_Link" depends on it):
       Task "MakeDir"
       Done executing task "MakeDir".
     1>Done building target "MakeDirsForLink" in project "P4GLSL.vcxproj".
     1>Target "DoLinkOutputFilesMatch" in file "D:\Programas\Visual Studio 2017\Common7\IDE\VC\VCTargets\Microsoft.CppBuild.targets" from project "D:\URJC\PGATR\pgatr\P4GLSL\P4GLSL.vcxproj" (target "_Link" depends on it):
       Task "VCMessage" skipped, due to false condition; ('@(_OutputFileFromLink)' == '') was evaluated as ('D:\URJC\PGATR\pgatr\P4GLSL\Debug\P4GLSL.exe' == '').
       Task "VCMessage" skipped, due to false condition; ('@(_OutputFileFromLink)' != '' and '%(_OutputFileFromLink.FullPath)' != '$([System.IO.Path]::GetFullPath($(TargetPath)))') was evaluated as ('D:\URJC\PGATR\pgatr\P4GLSL\Debug\P4GLSL.exe' != '' and 'D:\URJC\PGATR\pgatr\P4GLSL\Debug\P4GLSL.exe' != 'D:\URJC\PGATR\pgatr\P4GLSL\Debug\P4GLSL.exe').
       Task "VCMessage" skipped, due to false condition; ('@(_OutputFileFromLink)' != '' and '%(_OutputFileFromLink.Extension)' != '' and '%(_OutputFileFromLink.Extension)' != '$(TargetExt)') was evaluated as ('D:\URJC\PGATR\pgatr\P4GLSL\Debug\P4GLSL.exe' != '' and '.exe' != '' and '.exe' != '.exe').
       Task "VCMessage" skipped, due to false condition; ('@(_OutputFileFromLink)' != '' and '%(_OutputFileFromLink.Filename)' != '' and '%(_OutputFileFromLink.Filename)' != '$(TargetName)') was evaluated as ('D:\URJC\PGATR\pgatr\P4GLSL\Debug\P4GLSL.exe' != '' and 'P4GLSL' != '' and 'P4GLSL' != 'P4GLSL').
       Task "VCMessage" skipped, due to false condition; ('%(Link.MinimumRequiredVersion)' != '' and ('%(Link.Subsystem)' == '' or '%(Link.Subsystem)' == 'NotSet')) was evaluated as ('' != '' and ('Console' == '' or 'Console' == 'NotSet')).
     1>Done building target "DoLinkOutputFilesMatch" in project "P4GLSL.vcxproj".
     1>Target "PreLinkEvent" in file "D:\Programas\Visual Studio 2017\Common7\IDE\VC\VCTargets\Microsoft.CppCommon.targets" from project "D:\URJC\PGATR\pgatr\P4GLSL\P4GLSL.vcxproj" (target "_Link" depends on it):
       Task "Message" skipped, due to false condition; ('%(PreLinkEvent.Message)' != '' and '%(PreLinkEvent.Command)' != '') was evaluated as ('' != '' and '' != '').
       Task "Exec" skipped, due to false condition; ('%(PreLinkEvent.Command)' != '') was evaluated as ('' != '').
     1>Done building target "PreLinkEvent" in project "P4GLSL.vcxproj".
     1>Target "ComputeLinkSwitches" in file "D:\Programas\Visual Studio 2017\Common7\IDE\VC\VCTargets\Microsoft.CppCommon.targets" from project "D:\URJC\PGATR\pgatr\P4GLSL\P4GLSL.vcxproj" (target "Link" depends on it):
     1>Done building target "ComputeLinkSwitches" in project "P4GLSL.vcxproj".
     1>Target "Link" in file "D:\Programas\Visual Studio 2017\Common7\IDE\VC\VCTargets\Microsoft.CppCommon.targets" from project "D:\URJC\PGATR\pgatr\P4GLSL\P4GLSL.vcxproj" (target "_Link" depends on it):
       Using "Link" task from assembly "D:\Programas\Visual Studio 2017\Common7\IDE\VC\VCTargets\Microsoft.Build.CppTasks.Common.dll".
       Task "Link"
         Write Tracking Logs:
         	Debug\P4GLSL.tlog\link.write.1.tlog
         Read Tracking Logs:
         	Debug\P4GLSL.tlog\link.read.1.tlog
         Outputs for D:\URJC\PGATR\PGATR\P4GLSL\DEBUG\AUXILIAR.OBJ|D:\URJC\PGATR\PGATR\P4GLSL\DEBUG\MAIN.OBJ:
         	D:\URJC\PGATR\PGATR\P4GLSL\DEBUG\P4GLSL.PDB
         D:\URJC\PGATR\PGATR\P4GLSL\DEBUG\P4GLSL.PDB does not exist; source compilation required.
         Inputs for D:\URJC\PGATR\PGATR\P4GLSL\DEBUG\AUXILIAR.OBJ|D:\URJC\PGATR\PGATR\P4GLSL\DEBUG\MAIN.OBJ:
         	C:\WINDOWS\GLOBALIZATION\SORTING\SORTDEFAULT.NLS
         	C:\PROGRAM FILES (X86)\WINDOWS KITS\10\LIB\10.0.17763.0\UM\X86\OPENGL32.LIB
         	C:\PROGRAM FILES (X86)\WINDOWS KITS\10\LIB\10.0.17763.0\UM\X86\KERNEL32.LIB
         	C:\PROGRAM FILES (X86)\WINDOWS KITS\10\LIB\10.0.17763.0\UM\X86\USER32.LIB
         	C:\PROGRAM FILES (X86)\WINDOWS KITS\10\LIB\10.0.17763.0\UM\X86\GDI32.LIB
         	C:\PROGRAM FILES (X86)\WINDOWS KITS\10\LIB\10.0.17763.0\UM\X86\WINSPOOL.LIB
         	C:\PROGRAM FILES (X86)\WINDOWS KITS\10\LIB\10.0.17763.0\UM\X86\COMDLG32.LIB
         	C:\PROGRAM FILES (X86)\WINDOWS KITS\10\LIB\10.0.17763.0\UM\X86\ADVAPI32.LIB
         	C:\PROGRAM FILES (X86)\WINDOWS KITS\10\LIB\10.0.17763.0\UM\X86\SHELL32.LIB
         	C:\PROGRAM FILES (X86)\WINDOWS KITS\10\LIB\10.0.17763.0\UM\X86\OLE32.LIB
         	C:\PROGRAM FILES (X86)\WINDOWS KITS\10\LIB\10.0.17763.0\UM\X86\OLEAUT32.LIB
         	C:\PROGRAM FILES (X86)\WINDOWS KITS\10\LIB\10.0.17763.0\UM\X86\UUID.LIB
         	C:\PROGRAM FILES (X86)\WINDOWS KITS\10\LIB\10.0.17763.0\UM\X86\ODBC32.LIB
         	C:\PROGRAM FILES (X86)\WINDOWS KITS\10\LIB\10.0.17763.0\UM\X86\ODBCCP32.LIB
         	C:\WINDOWS\SYSTEM32\TZRES.DLL
         	D:\PROGRAMAS\VISUAL STUDIO 2017\VC\TOOLS\MSVC\14.16.27023\LIB\X86\MSVCPRTD.LIB
         	D:\PROGRAMAS\VISUAL STUDIO 2017\VC\TOOLS\MSVC\14.16.27023\LIB\X86\MSVCRTD.LIB
         	D:\PROGRAMAS\VISUAL STUDIO 2017\VC\TOOLS\MSVC\14.16.27023\LIB\X86\OLDNAMES.LIB
         	C:\PROGRAM FILES (X86)\WINDOWS KITS\10\LIB\10.0.17763.0\UM\X86\GLU32.LIB
         	C:\PROGRAM FILES (X86)\WINDOWS KITS\10\LIB\10.0.17763.0\UM\X86\WINMM.LIB
         	D:\PROGRAMAS\VISUAL STUDIO 2017\VC\TOOLS\MSVC\14.16.27023\LIB\X86\VCRUNTIMED.LIB
         	C:\PROGRAM FILES (X86)\WINDOWS KITS\10\LIB\10.0.17763.0\UCRT\X86\UCRTD.LIB
         Source compilation required: input C:\WINDOWS\SYSTEM32\TZRES.DLL is newer than output .
         Environment Variables passed to tool:
           VS_UNICODE_OUTPUT=1952
         D:\Programas\Visual Studio 2017\VC\Tools\MSVC\14.16.27023\bin\HostX86\x86\link.exe /ERRORREPORT:PROMPT /OUT:"D:\URJC\PGATR\pgatr\P4GLSL\Debug\P4GLSL.exe" /INCREMENTAL /NOLOGO /LIBPATH:..\libs\lib /LIBPATH:"D:\Programas\vcpkg\installed\x86-windows\debug\lib" /LIBPATH:"D:\Programas\vcpkg\installed\x86-windows\debug\lib\manual-link" FreeImage.lib opengl32.lib freeglut.lib glew32.lib "assimp-vc140-mt.lib" kernel32.lib user32.lib gdi32.lib winspool.lib comdlg32.lib advapi32.lib shell32.lib ole32.lib oleaut32.lib uuid.lib odbc32.lib odbccp32.lib "D:\Programas\vcpkg\installed\x86-windows\debug\lib\*.lib" /MANIFEST /MANIFESTUAC:"level='asInvoker' uiAccess='false'" /manifest:embed /DEBUG /PDB:"D:\URJC\PGATR\pgatr\P4GLSL\Debug\P4GLSL.pdb" /SUBSYSTEM:CONSOLE /TLBID:1 /DYNAMICBASE /NXCOMPAT /IMPLIB:"D:\URJC\PGATR\pgatr\P4GLSL\Debug\P4GLSL.lib" /MACHINE:X86 /SAFESEH Debug\auxiliar.obj
         Debug\main.obj
         Tracking command:
         D:\Programas\Visual Studio 2017\MSBuild\15.0\Bin\Tracker.exe /a /d "C:\Program Files (x86)\MSBuild\15.0\FileTracker\FileTracker32.dll" /i D:\URJC\PGATR\pgatr\P4GLSL\Debug\P4GLSL.tlog /r "D:\URJC\PGATR\PGATR\P4GLSL\DEBUG\AUXILIAR.OBJ|D:\URJC\PGATR\PGATR\P4GLSL\DEBUG\MAIN.OBJ" /b MSBuildConsole_CancelEvent1b33feb9096b4d21970c6e3d82451b76  /c "D:\Programas\Visual Studio 2017\VC\Tools\MSVC\14.16.27023\bin\HostX86\x86\link.exe"  /ERRORREPORT:PROMPT /OUT:"D:\URJC\PGATR\pgatr\P4GLSL\Debug\P4GLSL.exe" /INCREMENTAL /NOLOGO /LIBPATH:..\libs\lib /LIBPATH:"D:\Programas\vcpkg\installed\x86-windows\debug\lib" /LIBPATH:"D:\Programas\vcpkg\installed\x86-windows\debug\lib\manual-link" FreeImage.lib opengl32.lib freeglut.lib glew32.lib "assimp-vc140-mt.lib" kernel32.lib user32.lib gdi32.lib winspool.lib comdlg32.lib advapi32.lib shell32.lib ole32.lib oleaut32.lib uuid.lib odbc32.lib odbccp32.lib "D:\Programas\vcpkg\installed\x86-windows\debug\lib\*.lib" /MANIFEST /MANIFESTUAC:"level='asInvoker' uiAccess='false'" /manifest:embed /DEBUG /PDB:"D:\URJC\PGATR\pgatr\P4GLSL\Debug\P4GLSL.pdb" /SUBSYSTEM:CONSOLE /TLBID:1 /DYNAMICBASE /NXCOMPAT /IMPLIB:"D:\URJC\PGATR\pgatr\P4GLSL\Debug\P4GLSL.lib" /MACHINE:X86 /SAFESEH Debug\auxiliar.obj
         Debug\main.obj
       Done executing task "Link".
       Task "Message"
         P4GLSL.vcxproj -> D:\URJC\PGATR\pgatr\P4GLSL\Debug\P4GLSL.exe
       Done executing task "Message".
       Task "VCMessage" skipped, due to false condition; (('$(EmbedManifestBy)' != 'LINK' or '$(LegacyManifestEmbedding)' != 'true' or '$(LinkSkippedExecution)' == 'true') and
                    %(Link.GenerateDebugInformation) == 'DebugFastLink' and %(Link.ProgramDataBaseFileName) != '') was evaluated as (('LINK' != 'LINK' or '' != 'true' or 'False' == 'true') and
                    true == 'DebugFastLink' and  != '').
       Task "VCMessage" skipped, due to false condition; (('$(EmbedManifestBy)' != 'LINK' or '$(LegacyManifestEmbedding)' != 'true' or '$(LinkSkippedExecution)' == 'true') and
                    %(Link.GenerateDebugInformation) == 'true' and %(Link.ProgramDataBaseFileName) != '') was evaluated as (('LINK' != 'LINK' or '' != 'true' or 'False' == 'true') and
                    true == 'true' and  != '').
     1>Done building target "Link" in project "P4GLSL.vcxproj".
       Target "MetaGenInputsOutputs" skipped, due to false condition; ('$(EnableManagedIncrementalBuild)' == 'True') was evaluated as ('false' == 'True').
       Target "ComputeMetaGenInputs" skipped, due to false condition; ('$(CLRSupport)'!='' and '$(CLRSupport)'!='false') was evaluated as ('false'!='' and 'false'!='false').
       Target "MetaGen" skipped, due to false condition; ('@(MetaGen)' != '') was evaluated as ('' != '').
     1>Target "ComputeLinkImportLibraryOutputsForClean" in file "D:\Programas\Visual Studio 2017\Common7\IDE\VC\VCTargets\Microsoft.CppBuild.targets" from project "D:\URJC\PGATR\pgatr\P4GLSL\P4GLSL.vcxproj" (target "_Link" depends on it):
       Task "WriteLinesToFile" skipped, due to false condition; ('@(_LinkSecondaryOutput)' != '') was evaluated as ('' != '').
     1>Done building target "ComputeLinkImportLibraryOutputsForClean" in project "P4GLSL.vcxproj".
     1>Target "AfterLink" in file "D:\Programas\Visual Studio 2017\Common7\IDE\VC\VCTargets\Microsoft.CppBuild.targets" from project "D:\URJC\PGATR\pgatr\P4GLSL\P4GLSL.vcxproj" (target "_Link" depends on it):
     1>Done building target "AfterLink" in project "P4GLSL.vcxproj".
     1>Target "_Link" in file "D:\Programas\Visual Studio 2017\Common7\IDE\VC\VCTargets\Microsoft.CppBuild.targets" from project "D:\URJC\PGATR\pgatr\P4GLSL\P4GLSL.vcxproj" (target "_BuildLinkAction" depends on it):
     1>Done building target "_Link" in project "P4GLSL.vcxproj".
     1>Target "_ALink" in file "D:\Programas\Visual Studio 2017\Common7\IDE\VC\VCTargets\Microsoft.CppBuild.targets" from project "D:\URJC\PGATR\pgatr\P4GLSL\P4GLSL.vcxproj" (target "_BuildLinkAction" depends on it):
     1>Done building target "_ALink" in project "P4GLSL.vcxproj".
       Target "ComputeLegacyManifestEmbedding" skipped. Previously built successfully.
     1>Target "_Manifest" in file "D:\Programas\Visual Studio 2017\Common7\IDE\VC\VCTargets\Microsoft.CppBuild.targets" from project "D:\URJC\PGATR\pgatr\P4GLSL\P4GLSL.vcxproj" (target "_BuildLinkAction" depends on it):
       Task "CallTarget" skipped, due to false condition; ('$(LegacyManifestEmbedding)' == 'true') was evaluated as ('' == 'true').
     1>Done building target "_Manifest" in project "P4GLSL.vcxproj".
     1>Target "AppLocalFromInstalled" in file "D:\Programas\vcpkg\scripts\buildsystems\msbuild\vcpkg.targets" from project "D:\URJC\PGATR\pgatr\P4GLSL\P4GLSL.vcxproj" (target "RegisterOutput" depends on it):
       Task "WriteLinesToFile"
       Done executing task "WriteLinesToFile".
       Using "Exec" task from assembly "Microsoft.Build.Tasks.Core, Version=15.1.0.0, Culture=neutral, PublicKeyToken=b03f5f7f11d50a3a".
       Task "Exec"
         C:\WINDOWS\System32\WindowsPowerShell\v1.0\powershell.exe -ExecutionPolicy Bypass -noprofile -File "D:\Programas\vcpkg\scripts\buildsystems\msbuild\applocal.ps1" "D:\URJC\PGATR\pgatr\P4GLSL\Debug\P4GLSL.exe" "D:\Programas\vcpkg\installed\x86-windows\debug\bin" "Debug\P4GLSL.tlog\P4GLSL.write.1u.tlog" "Debug\vcpkg.applocal.log"
       Done executing task "Exec".
       Task "Exec" skipped, due to false condition; ($(VcpkgConfiguration.StartsWith('Release'))) was evaluated as (False).
       Task "ReadLinesFromFile"
       Done executing task "ReadLinesFromFile".
       Task "Message"
       Done executing task "Message".
     1>Done building target "AppLocalFromInstalled" in project "P4GLSL.vcxproj".
     1>Target "RegisterOutput" in file "D:\Programas\Visual Studio 2017\Common7\IDE\VC\VCTargets\Microsoft.CppCommon.targets" from project "D:\URJC\PGATR\pgatr\P4GLSL\P4GLSL.vcxproj" (target "_BuildLinkAction" depends on it):
       Task "Exec" skipped, due to false condition; ('$(ConfigurationType)'=='DynamicLibrary' and '%(Link.RegisterOutput)'=='true' and '%(Link.PerUserRedirection)'!='true') was evaluated as ('Application'=='DynamicLibrary' and 'false'=='true' and 'false'!='true').
       Task "Exec" skipped, due to false condition; ('$(ConfigurationType)'=='DynamicLibrary' and '%(Link.RegisterOutput)'=='true' and '%(Link.PerUserRedirection)'=='true') was evaluated as ('Application'=='DynamicLibrary' and 'false'=='true' and 'false'=='true').
       Task "Exec" skipped, due to false condition; ('$(ConfigurationType)'=='Application' and '%(Link.RegisterOutput)'=='true' and '%(Link.PerUserRedirection)'!='true') was evaluated as ('Application'=='Application' and 'false'=='true' and 'false'!='true').
       Task "Exec" skipped, due to false condition; ('$(ConfigurationType)'=='Application' and '%(Link.RegisterOutput)'=='true' and '%(Link.PerUserRedirection)'=='true') was evaluated as ('Application'=='Application' and 'false'=='true' and 'false'=='true').
       Task "VCMessage" skipped, due to false condition; ('$(_RegisterOutputExitCode)' != '' and '$(_RegisterOutputExitCode)' != '0') was evaluated as ('' != '' and '' != '0').
     1>Done building target "RegisterOutput" in project "P4GLSL.vcxproj".
       Target "PrepareForBuild" skipped. Previously built successfully.
       Target "ResolveReferences" skipped. Previously built successfully.
     1>Target "ResolvedXDCMake" in file "D:\Programas\Visual Studio 2017\Common7\IDE\VC\VCTargets\Microsoft.CppBuild.targets" from project "D:\URJC\PGATR\pgatr\P4GLSL\P4GLSL.vcxproj" (target "_XdcMake" depends on it):
       Task "MSBuild" skipped, due to false condition; ('%(_MSBuildProjectReferenceExistent.Extension)' == '.vcxproj' and '@(ProjectReferenceWithConfiguration)' != '' and '@(_MSBuildProjectReferenceExistent)' != '' and '$(_ClCompileGenerateXMLDocumentationFiles)' == 'true') was evaluated as ('' == '.vcxproj' and '' != '' and '' != '' and '' == 'true').
     1>Done building target "ResolvedXDCMake" in project "P4GLSL.vcxproj".
     1>Target "ComputeCLCompileGeneratedXDCFiles" in file "D:\Programas\Visual Studio 2017\Common7\IDE\VC\VCTargets\Microsoft.CppBuild.targets" from project "D:\URJC\PGATR\pgatr\P4GLSL\P4GLSL.vcxproj" (target "_XdcMake" depends on it):
     1>Done building target "ComputeCLCompileGeneratedXDCFiles" in project "P4GLSL.vcxproj".
     1>Target "MakeDirsForXdcMake" in file "D:\Programas\Visual Studio 2017\Common7\IDE\VC\VCTargets\Microsoft.CppBuild.targets" from project "D:\URJC\PGATR\pgatr\P4GLSL\P4GLSL.vcxproj" (target "_XdcMake" depends on it):
       Task "MakeDir"
       Done executing task "MakeDir".
     1>Done building target "MakeDirsForXdcMake" in project "P4GLSL.vcxproj".
       Target "XdcMake" skipped, due to false condition; ('@(XdcMake)' != '') was evaluated as ('' != '').
     1>Target "_XdcMake" in file "D:\Programas\Visual Studio 2017\Common7\IDE\VC\VCTargets\Microsoft.CppBuild.targets" from project "D:\URJC\PGATR\pgatr\P4GLSL\P4GLSL.vcxproj" (target "_BuildLinkAction" depends on it):
     1>Done building target "_XdcMake" in project "P4GLSL.vcxproj".
     1>Target "ComputeCLCompileGeneratedSbrFiles" in file "D:\Programas\Visual Studio 2017\Common7\IDE\VC\VCTargets\Microsoft.CppBuild.targets" from project "D:\URJC\PGATR\pgatr\P4GLSL\P4GLSL.vcxproj" (target "_BscMake" depends on it):
     1>Done building target "ComputeCLCompileGeneratedSbrFiles" in project "P4GLSL.vcxproj".
     1>Target "MakeDirsForBscMake" in file "D:\Programas\Visual Studio 2017\Common7\IDE\VC\VCTargets\Microsoft.CppBuild.targets" from project "D:\URJC\PGATR\pgatr\P4GLSL\P4GLSL.vcxproj" (target "_BscMake" depends on it):
       Task "MakeDir"
       Done executing task "MakeDir".
     1>Done building target "MakeDirsForBscMake" in project "P4GLSL.vcxproj".
       Target "BscMake" skipped, due to false condition; ('@(BscMake)' != '') was evaluated as ('' != '').
       Target "CustomBuildStep" skipped, due to false condition; ('@(CustomBuildStep)' != '' and '$(SelectedFiles)'=='') was evaluated as ('' != '' and ''=='').
     1>Target "_BscMake" in file "D:\Programas\Visual Studio 2017\Common7\IDE\VC\VCTargets\Microsoft.CppBuild.targets" from project "D:\URJC\PGATR\pgatr\P4GLSL\P4GLSL.vcxproj" (target "_BuildLinkAction" depends on it):
     1>Done building target "_BscMake" in project "P4GLSL.vcxproj".
     1>Target "_GenerateSatelliteAssemblyInputs" in file "D:\Programas\Visual Studio 2017\MSBuild\15.0\Bin\Microsoft.Common.CurrentVersion.targets" from project "D:\URJC\PGATR\pgatr\P4GLSL\P4GLSL.vcxproj" (target "CreateSatelliteAssemblies" depends on it):
       Task "Warning" skipped, due to false condition; ('@(ManifestResourceWithCulture)'!='' and '%(ManifestResourceWithCulture.EmittedForCompatibilityOnly)'=='') was evaluated as (''!='' and ''=='').
       Task "Warning" skipped, due to false condition; ('@(ManifestNonResxWithCultureOnDisk)'!='' and '%(ManifestNonResxWithCultureOnDisk.EmittedForCompatibilityOnly)'=='') was evaluated as (''!='' and ''=='').
     1>Done building target "_GenerateSatelliteAssemblyInputs" in project "P4GLSL.vcxproj".
       Target "ComputeIntermediateSatelliteAssemblies" skipped, due to false condition; (@(ReferenceSatellitePaths->'%(DestinationSubDirectory)') != '') was evaluated as ( != '').
       Target "GenerateSatelliteAssemblies" skipped, due to false condition; ('@(_SatelliteAssemblyResourceInputs)' != '') was evaluated as ('' != '').
     1>Target "CreateSatelliteAssemblies" in file "D:\Programas\Visual Studio 2017\MSBuild\15.0\Bin\Microsoft.Common.CurrentVersion.targets" from project "D:\URJC\PGATR\pgatr\P4GLSL\P4GLSL.vcxproj" (target "_BuildLinkAction" depends on it):
     1>Done building target "CreateSatelliteAssemblies" in project "P4GLSL.vcxproj".
     1>Target "_Appverifier" in file "D:\Programas\Visual Studio 2017\Common7\IDE\VC\VCTargets\Microsoft.CppBuild.targets" from project "D:\URJC\PGATR\pgatr\P4GLSL\P4GLSL.vcxproj" (target "_BuildLinkAction" depends on it):
     1>Done building target "_Appverifier" in project "P4GLSL.vcxproj".
     1>Target "_Deploy" in file "D:\Programas\Visual Studio 2017\Common7\IDE\VC\VCTargets\Microsoft.CppBuild.targets" from project "D:\URJC\PGATR\pgatr\P4GLSL\P4GLSL.vcxproj" (target "_BuildLinkAction" depends on it):
     1>Done building target "_Deploy" in project "P4GLSL.vcxproj".
       Target "ComputeIntermediateSatelliteAssemblies" skipped, due to false condition; (@(ReferenceSatellitePaths->'%(DestinationSubDirectory)') != '') was evaluated as ( != '').
       Target "_CopyFilesMarkedCopyLocal" skipped, due to false condition; ('@(ReferenceCopyLocalPaths)' != '') was evaluated as ('' != '').
       Target "AssignTargetPaths" skipped. Previously built successfully.
       Target "_SplitProjectReferencesByFileExistence" skipped. Previously built successfully.
       Target "_GetProjectReferenceTargetFrameworkProperties" skipped. Previously built successfully.
     1>Target "GetCopyToOutputDirectoryXamlAppDefs" in file "C:\WINDOWS\Microsoft.NET\Framework\v4.0.30319\Microsoft.Xaml.targets" from project "D:\URJC\PGATR\pgatr\P4GLSL\P4GLSL.vcxproj" (target "GetCopyToOutputDirectoryItems" depends on it):
       Task "AssignTargetPath"
       Done executing task "AssignTargetPath".
     1>Done building target "GetCopyToOutputDirectoryXamlAppDefs" in project "P4GLSL.vcxproj".
     1>Target "GetCopyToOutputDirectoryItems" in file "D:\Programas\Visual Studio 2017\MSBuild\15.0\Bin\Microsoft.Common.CurrentVersion.targets" from project "D:\URJC\PGATR\pgatr\P4GLSL\P4GLSL.vcxproj" (target "_CopySourceItemsToOutputDirectory" depends on it):
       Task "MSBuild" skipped, due to false condition; ('@(_MSBuildProjectReferenceExistent)' != '' and '$(_GetChildProjectCopyToOutputDirectoryItems)' == 'true' and '%(_MSBuildProjectReferenceExistent.Private)' != 'false' and '$(UseCommonOutputDirectory)' != 'true') was evaluated as ('' != '' and 'true' == 'true' and '' != 'false' and 'false' != 'true').
       Task "AssignTargetPath"
       Done executing task "AssignTargetPath".
     1>Done building target "GetCopyToOutputDirectoryItems" in project "P4GLSL.vcxproj".
       Target "_CopyOutOfDateSourceItemsToOutputDirectory" skipped, due to false condition; ( '@(_SourceItemsToCopyToOutputDirectory)' != '' ) was evaluated as ( '' != '' ).
       Target "_CopyOutOfDateSourceItemsToOutputDirectoryAlways" skipped, due to false condition; ( '@(_SourceItemsToCopyToOutputDirectoryAlways)' != '' ) was evaluated as ( '' != '' ).
     1>Target "_CopySourceItemsToOutputDirectory" in file "D:\Programas\Visual Studio 2017\MSBuild\15.0\Bin\Microsoft.Common.CurrentVersion.targets" from project "D:\URJC\PGATR\pgatr\P4GLSL\P4GLSL.vcxproj" (target "CopyFilesToOutputDirectory" depends on it):
     1>Done building target "_CopySourceItemsToOutputDirectory" in project "P4GLSL.vcxproj".
       Target "_CopyAppConfigFile" skipped, due to false condition; ( '@(AppConfigWithTargetPath)' != '' ) was evaluated as ( '' != '' ).
       Target "_CopyManifestFiles" skipped, due to false condition; ( '$(_DeploymentCopyApplicationManifest)'=='true' or '$(GenerateClickOnceManifests)'=='true' ) was evaluated as ( ''=='true' or ''=='true' ).
     1>Target "_CheckForCompileOutputs" in file "D:\Programas\Visual Studio 2017\MSBuild\15.0\Bin\Microsoft.Common.CurrentVersion.targets" from project "D:\URJC\PGATR\pgatr\P4GLSL\P4GLSL.vcxproj" (target "CopyFilesToOutputDirectory" depends on it):
     1>Done building target "_CheckForCompileOutputs" in project "P4GLSL.vcxproj".
       Target "_SGenCheckForOutputs" skipped, due to false condition; ('$(_SGenGenerateSerializationAssembliesConfig)' == 'On' or ('@(WebReferenceUrl)'!='' and '$(_SGenGenerateSerializationAssembliesConfig)' == 'Auto')) was evaluated as ('Off' == 'On' or (''!='' and 'Off' == 'Auto')).
     1>Target "CopyFilesToOutputDirectory" in file "D:\Programas\Visual Studio 2017\MSBuild\15.0\Bin\Microsoft.Common.CurrentVersion.targets" from project "D:\URJC\PGATR\pgatr\P4GLSL\P4GLSL.vcxproj" (target "PrepareForRun" depends on it):
       Task "Copy" skipped, due to false condition; ('$(CopyBuildOutputToOutputDirectory)' == 'true' and '$(SkipCopyBuildProduct)' != 'true') was evaluated as ('true' == 'true' and 'true' != 'true').
       Task "CopyRefAssembly" skipped, due to false condition; ('$(ProduceReferenceAssembly)' == 'true' and '$(CopyBuildOutputToOutputDirectory)' == 'true' and '$(SkipCopyBuildProduct)' != 'true') was evaluated as ('false' == 'true' and 'true' == 'true' and 'true' != 'true').
       Task "Message" skipped, due to false condition; ('$(CopyBuildOutputToOutputDirectory)' == 'true' and '$(SkipCopyBuildProduct)'!='true') was evaluated as ('true' == 'true' and 'true'!='true').
       Task "Copy" skipped, due to false condition; ('@(AddModules)' != '') was evaluated as ('' != '').
       Task "Copy" skipped, due to false condition; ('$(_SGenDllCreated)'=='true') was evaluated as ('false'=='true').
       Using "Copy" task from assembly "Microsoft.Build.Tasks.Core, Version=15.1.0.0, Culture=neutral, PublicKeyToken=b03f5f7f11d50a3a".
       Task "Copy"
         Did not copy from file "Debug\P4GLSL.pdb" to file "D:\URJC\PGATR\pgatr\P4GLSL\Debug\P4GLSL.pdb" because the "SkipUnchangedFiles" parameter was set to "true" in the project and the files' sizes and timestamps match.
       Done executing task "Copy".
       Task "Copy" skipped, due to false condition; ('$(_DocumentationFileProduced)'=='true') was evaluated as ('false'=='true').
       Task "Copy" skipped, due to false condition; ('@(IntermediateSatelliteAssembliesWithTargetPath)' != '') was evaluated as ('' != '').
       Task "Copy" skipped, due to false condition; ('@(ReferenceComWrappersToCopyLocal)' != '' or '@(ResolvedIsolatedComModules)' != '' or '@(_DeploymentLooseManifestFile)' != '' or '@(NativeReferenceFile)' != '' ) was evaluated as ('' != '' or '' != '' or '' != '' or '' != '' ).
       Task "Copy" skipped, due to false condition; ('$(SkipCopyWinMDArtifact)' != 'true' and '@(WinMDExpArtifacts)' != '') was evaluated as ('' != 'true' and '' != '').
       Task "Message" skipped, due to false condition; ('$(SkipCopyWinMDArtifact)' != 'true' and '$(_WindowsMetadataOutputPath)' != '') was evaluated as ('' != 'true' and '' != '').
     1>Done building target "CopyFilesToOutputDirectory" in project "P4GLSL.vcxproj".
     1>Target "PrepareForRun" in file "D:\Programas\Visual Studio 2017\MSBuild\15.0\Bin\Microsoft.Common.CurrentVersion.targets" from project "D:\URJC\PGATR\pgatr\P4GLSL\P4GLSL.vcxproj" (target "_BuildLinkAction" depends on it):
     1>Done building target "PrepareForRun" in project "P4GLSL.vcxproj".
       Target "CustomBuildStep" skipped, due to false condition; ('@(CustomBuildStep)' != '' and '$(SelectedFiles)'=='') was evaluated as ('' != '' and ''=='').
     1>Target "PostBuildEvent" in file "D:\Programas\Visual Studio 2017\Common7\IDE\VC\VCTargets\Microsoft.CppCommon.targets" from project "D:\URJC\PGATR\pgatr\P4GLSL\P4GLSL.vcxproj" (target "_BuildLinkAction" depends on it):
       Task "Message" skipped, due to false condition; ('%(PostBuildEvent.Message)' != '' and '%(PostBuildEvent.Command)' != '') was evaluated as ('' != '' and '' != '').
       Task "Exec" skipped, due to false condition; ('%(PostBuildEvent.Command)' != '') was evaluated as ('' != '').
     1>Done building target "PostBuildEvent" in project "P4GLSL.vcxproj".
     1>Target "_BuildLinkAction" in file "D:\Programas\Visual Studio 2017\Common7\IDE\VC\VCTargets\Microsoft.CppBuild.targets" from project "D:\URJC\PGATR\pgatr\P4GLSL\P4GLSL.vcxproj" (target "BuildLink" depends on it):
     1>Done building target "_BuildLinkAction" in project "P4GLSL.vcxproj".
     1>Target "BuildLink" in file "D:\Programas\Visual Studio 2017\MSBuild\15.0\Bin\Microsoft.Common.CurrentVersion.targets" from project "D:\URJC\PGATR\pgatr\P4GLSL\P4GLSL.vcxproj" (target "Build" depends on it):
     1>Done building target "BuildLink" in project "P4GLSL.vcxproj".
     1>Target "AfterBuild" in file "D:\Programas\Visual Studio 2017\Common7\IDE\VC\VCTargets\Microsoft.BuildSteps.Targets" from project "D:\URJC\PGATR\pgatr\P4GLSL\P4GLSL.vcxproj" (target "Build" depends on it):
     1>Done building target "AfterBuild" in project "P4GLSL.vcxproj".
     1>Target "FinalizeBuildStatus" in file "D:\Programas\Visual Studio 2017\Common7\IDE\VC\VCTargets\Microsoft.CppBuild.targets" from project "D:\URJC\PGATR\pgatr\P4GLSL\P4GLSL.vcxproj" (target "Build" depends on it):
       Using "Delete" task from assembly "Microsoft.Build.Tasks.Core, Version=15.1.0.0, Culture=neutral, PublicKeyToken=b03f5f7f11d50a3a".
       Task "Delete"
         Deleting file "Debug\P4GLSL.tlog\unsuccessfulbuild".
       Done executing task "Delete".
       Task "Touch"
         Touching "Debug\P4GLSL.tlog\P4GLSL.lastbuildstate".
       Done executing task "Touch".
     1>Done building target "FinalizeBuildStatus" in project "P4GLSL.vcxproj".
       Target "_CheckForInvalidConfigurationAndPlatform" skipped. Previously built successfully.
       Target "_CheckForInvalidConfigurationAndPlatform" skipped. Previously built successfully.
     1>Target "Build" in file "D:\Programas\Visual Studio 2017\Common7\IDE\VC\VCTargets\Microsoft.BuildSteps.Targets" from project "D:\URJC\PGATR\pgatr\P4GLSL\P4GLSL.vcxproj" (entry point):
     1>Done building target "Build" in project "P4GLSL.vcxproj".
     1>Done Building Project "D:\URJC\PGATR\pgatr\P4GLSL\P4GLSL.vcxproj" (Build target(s)).

Build succeeded.

       "D:\URJC\PGATR\pgatr\P4GLSL\P4GLSL.vcxproj" (Build target) (1) ->
       (ClCompile target) -> 
         cl : Command line warning D9035: option 'Gm' has been deprecated and will be removed in a future release


       "D:\URJC\PGATR\pgatr\P4GLSL\P4GLSL.vcxproj" (Build target) (1) ->
         cl : Command line warning D9035: option 'Gm' has been deprecated and will be removed in a future release

    2 Warning(s)
    0 Error(s)

Time Elapsed 00:00:01.26
